

18/08/2015  21:49:48:493 : 9280 :: New session started.

19/08/2015  07:25:12:768 : 6664 :: New session started.
21/08/2015  14:46:50:941 : 6664 :: Normal preshutdown of workbench id org.eclipse.ui.internal.Workbench@668a668a
21/08/2015  14:46:54:504 : 6664 :: Finished postshutdown of workbench id org.eclipse.ui.internal.Workbench@668a668a
21/08/2015  14:47:05:290 : 6664 :: ApplicationRecoveryCallback called, application being terminated.
21/08/2015  14:47:07:776 : 6664 :: MiniDumpWriteDump wrote dump file: C:\notes\data\workspace\logs\rcpmon-20150821-144705-6664-12996.dmp

24/08/2015  06:30:07:293 : 9092 :: New session started.
31/08/2015  07:18:11:991 : 9092 :: Normal preshutdown of workbench id org.eclipse.ui.internal.Workbench@45054505
31/08/2015  07:18:14:041 : 9092 :: Finished postshutdown of workbench id org.eclipse.ui.internal.Workbench@45054505

31/08/2015  07:28:15:060 : 11652 :: New session started.
01/09/2015  09:03:47:108 : 11652 :: Normal preshutdown of workbench id org.eclipse.ui.internal.Workbench@656a656a
01/09/2015  09:03:49:431 : 11652 :: Finished postshutdown of workbench id org.eclipse.ui.internal.Workbench@656a656a
01/09/2015  09:04:03:456 : 11652 :: ApplicationRecoveryCallback called, application being terminated.
01/09/2015  09:04:10:910 : 11652 :: MiniDumpWriteDump wrote dump file: C:\notes\data\workspace\logs\rcpmon-20150901-090403-11652-15132.dmp

01/09/2015  09:04:18:984 : 15972 :: New session started.

09/09/2015  13:11:04:587 : 9604 :: New session started.
11/09/2015  14:36:03:836 : 9604 :: Normal preshutdown of workbench id org.eclipse.ui.internal.Workbench@66036603
11/09/2015  14:36:04:642 : 9604 :: Finished postshutdown of workbench id org.eclipse.ui.internal.Workbench@66036603
11/09/2015  14:36:19:355 : 9604 :: ApplicationRecoveryCallback called, application being terminated.
11/09/2015  14:36:23:604 : 9604 :: MiniDumpWriteDump wrote dump file: C:\notes\data\workspace\logs\rcpmon-20150911-143619-9604-13620.dmp

12/09/2015  08:12:35:172 : 4768 :: New session started.
14/09/2015  07:54:28:107 : 4768 :: Normal preshutdown of workbench id org.eclipse.ui.internal.Workbench@759e759e
14/09/2015  07:54:28:663 : 4768 :: Finished postshutdown of workbench id org.eclipse.ui.internal.Workbench@759e759e

14/09/2015  07:55:30:447 : 10288 :: New session started.
16/09/2015  06:59:58:719 : 10288 :: Normal preshutdown of workbench id org.eclipse.ui.internal.Workbench@6ade6ade
16/09/2015  06:59:59:555 : 10288 :: Finished postshutdown of workbench id org.eclipse.ui.internal.Workbench@6ade6ade
16/09/2015  07:00:16:078 : 10288 :: ApplicationRecoveryCallback called, application being terminated.

16/09/2015  07:22:36:354 : 5644 :: New session started.
21/09/2015  09:41:10:547 : 5644 :: Normal preshutdown of workbench id org.eclipse.ui.internal.Workbench@7abf7abf
21/09/2015  09:41:11:435 : 5644 :: Finished postshutdown of workbench id org.eclipse.ui.internal.Workbench@7abf7abf

21/09/2015  09:44:08:320 : 12500 :: New session started.

02/10/2015  08:09:30:545 : 4152 :: New session started.
14/10/2015  08:37:10:228 : 4152 :: Normal preshutdown of workbench id org.eclipse.ui.internal.Workbench@699c699c
14/10/2015  08:37:11:749 : 4152 :: Finished postshutdown of workbench id org.eclipse.ui.internal.Workbench@699c699c
14/10/2015  08:37:23:923 : 4152 :: ApplicationRecoveryCallback called, application being terminated.

14/10/2015  08:44:30:706 : 7588 :: New session started.
16/10/2015  14:26:28:688 : 7588 :: Normal preshutdown of workbench id org.eclipse.ui.internal.Workbench@4b994b99
16/10/2015  14:26:29:540 : 7588 :: Finished postshutdown of workbench id org.eclipse.ui.internal.Workbench@4b994b99

19/10/2015  06:58:27:163 : 16700 :: New session started.
20/10/2015  16:18:47:448 : 16700 :: Normal preshutdown of workbench id org.eclipse.ui.internal.Workbench@67206720
20/10/2015  16:18:48:385 : 16700 :: Finished postshutdown of workbench id org.eclipse.ui.internal.Workbench@67206720
20/10/2015  16:18:59:166 : 16700 :: ApplicationRecoveryCallback called, application being terminated.

21/10/2015  06:40:00:754 : 9292 :: New session started.

30/10/2015  08:11:23:030 : 7192 :: New session started.

03/11/2015  00:34:00:439 : 8260 :: New session started.

04/11/2015  19:26:03:703 : 10040 :: New session started.

06/11/2015  08:06:24:223 : 2312 :: New session started.
17/11/2015  07:16:08:890 : 2312 :: Normal preshutdown of workbench id org.eclipse.ui.internal.Workbench@7b207b20
17/11/2015  07:16:13:090 : 2312 :: Finished postshutdown of workbench id org.eclipse.ui.internal.Workbench@7b207b20

17/11/2015  07:39:03:740 : 9916 :: New session started.
24/11/2015  21:27:32:364 : 9916 :: Normal preshutdown of workbench id org.eclipse.ui.internal.Workbench@79de79de
24/11/2015  21:27:34:354 : 9916 :: Finished postshutdown of workbench id org.eclipse.ui.internal.Workbench@79de79de
24/11/2015  21:27:46:776 : 9916 :: ApplicationRecoveryCallback called, application being terminated.
24/11/2015  21:27:58:396 : 9916 :: MiniDumpWriteDump wrote dump file: C:\notes\data\workspace\logs\rcpmon-20151124-212746-9916-15516.dmp

24/11/2015  21:28:28:081 : 12396 :: New session started.
30/11/2015  16:15:05:488 : 12396 :: Normal preshutdown of workbench id org.eclipse.ui.internal.Workbench@777f777f
30/11/2015  16:15:07:014 : 12396 :: Finished postshutdown of workbench id org.eclipse.ui.internal.Workbench@777f777f
30/11/2015  16:15:31:193 : 12396 :: ApplicationRecoveryCallback called, application being terminated.
30/11/2015  16:15:35:455 : 12396 :: MiniDumpWriteDump wrote dump file: C:\notes\data\workspace\logs\rcpmon-20151130-161531-12396-2948.dmp

01/12/2015  07:17:14:768 : 3692 :: New session started.
01/12/2015  11:14:05:827 : 3692 :: WM_QUERYENDSESSION received, reason=0x0
01/12/2015  11:14:06:029 : 3692 :: DllMain :: process exit.

01/12/2015  13:53:43:413 : 1604 :: New session started.

01/12/2015  15:47:26:577 : 8140 :: New session started.

01/12/2015  16:56:41:542 : 4920 :: New session started.
01/12/2015  19:30:15:754 : 4920 :: Normal preshutdown of workbench id org.eclipse.ui.internal.Workbench@45a045a0
01/12/2015  19:30:18:179 : 4920 :: Finished postshutdown of workbench id org.eclipse.ui.internal.Workbench@45a045a0
01/12/2015  19:32:02:110 : 4920 :: ApplicationRecoveryCallback called, application being terminated.
01/12/2015  19:32:03:097 : 4920 :: MiniDumpWriteDump wrote dump file: C:\notes\data\workspace\logs\rcpmon-20151201-193202-4920-1768.dmp

01/12/2015  19:40:45:802 : 10516 :: New session started.
02/12/2015  10:55:24:193 : 10516 :: Normal preshutdown of workbench id org.eclipse.ui.internal.Workbench@4a964a96
02/12/2015  10:55:24:788 : 10516 :: Finished postshutdown of workbench id org.eclipse.ui.internal.Workbench@4a964a96

02/12/2015  12:56:14:347 : 7724 :: New session started.
02/12/2015  12:56:19:517 : 7724 :: Java shutdown hook received.
02/12/2015  12:56:19:534 : 7724 :: exit_logger called from jre.
02/12/2015  12:56:19:535 : 7724 :: DllMain :: process exit.

02/12/2015  12:56:30:209 : 9664 :: New session started.
02/12/2015  13:51:10:596 : 9664 :: Normal preshutdown of workbench id org.eclipse.ui.internal.Workbench@78457845
02/12/2015  13:51:11:342 : 9664 :: Finished postshutdown of workbench id org.eclipse.ui.internal.Workbench@78457845
02/12/2015  13:51:18:945 : 9664 :: Java shutdown hook received.
02/12/2015  13:51:19:055 : 9664 :: exit_logger called from jre.
02/12/2015  13:51:19:193 : 9664 :: DllMain :: process exit.

02/12/2015  13:53:34:287 : 2468 :: New session started.
02/12/2015  13:56:01:628 : 2468 :: Normal preshutdown of workbench id org.eclipse.ui.internal.Workbench@19f619f6
02/12/2015  13:56:01:792 : 2468 :: Finished postshutdown of workbench id org.eclipse.ui.internal.Workbench@19f619f6
02/12/2015  13:56:06:586 : 2468 :: Java shutdown hook received.
02/12/2015  13:56:06:594 : 2468 :: exit_logger called from jre.
02/12/2015  13:56:06:597 : 2468 :: DllMain :: process exit.

03/12/2015  06:04:53:644 : 7916 :: New session started.
07/12/2015  09:28:46:638 : 7916 :: Normal preshutdown of workbench id org.eclipse.ui.internal.Workbench@58f758f7
07/12/2015  09:28:48:526 : 7916 :: Finished postshutdown of workbench id org.eclipse.ui.internal.Workbench@58f758f7
07/12/2015  09:28:58:063 : 7916 :: Java shutdown hook received.
07/12/2015  09:28:59:861 : 7916 :: exit_logger called from jre.
07/12/2015  09:28:59:982 : 7916 :: DllMain :: process exit.