Stopped cleanly Tue Sep 23 07:25:07 CDT 2014
Started Tue Sep 23 07:41:43 2014
Started Wed Oct 01 12:44:41 2014
Stopped cleanly Fri Oct 03 10:58:13 CDT 2014
Started Fri Oct 03 11:08:23 2014
Started Mon Oct 06 09:12:33 2014
Started Tue Oct 07 16:02:06 2014
Stopped cleanly Tue Oct 07 16:02:32 CDT 2014
Started Tue Oct 07 16:02:33 2014
Started Wed Oct 08 10:28:09 2014
Started Fri Oct 10 09:38:32 2014
Started Mon Oct 13 12:36:43 2014
Started Tue Oct 21 06:49:38 2014
Started Wed Oct 22 06:30:35 2014
Stopped cleanly Thu Oct 23 15:06:44 CDT 2014
Started Thu Oct 23 15:19:13 2014
Started Fri Oct 24 06:59:56 2014
Started Wed Oct 29 07:02:17 2014
Started Wed Oct 29 07:10:44 2014
Started Wed Oct 29 07:42:35 2014
Started Wed Oct 29 15:08:33 2014
Stopped cleanly Wed Oct 29 15:09:50 CDT 2014
Started Wed Oct 29 15:09:50 2014
Stopped cleanly Wed Oct 29 15:10:14 CDT 2014
Started Wed Oct 29 15:10:15 2014
Stopped cleanly Wed Oct 29 15:10:38 CDT 2014
Started Wed Oct 29 15:10:38 2014
Stopped cleanly Wed Oct 29 15:10:49 CDT 2014
Started Wed Oct 29 15:10:50 2014
Stopped cleanly Wed Oct 29 15:11:05 CDT 2014
Started Wed Oct 29 15:13:11 2014
Stopped cleanly Wed Oct 29 15:13:29 CDT 2014
Started Wed Oct 29 15:13:30 2014
Started Mon Nov 03 13:53:24 2014
Started Wed Nov 05 10:54:46 2014
Stopped cleanly Wed Nov 05 10:55:50 CST 2014
Started Wed Nov 05 10:55:54 2014
Stopped cleanly Wed Nov 05 10:56:47 CST 2014
Started Wed Nov 05 10:56:47 2014
Stopped cleanly Wed Nov 05 10:57:04 CST 2014
Started Wed Nov 05 11:23:47 2014
Started Mon Nov 17 17:15:36 2014
Started Fri Nov 21 14:47:13 2014
Started Wed Dec 03 12:24:47 2014
Started Fri Dec 26 13:00:38 2014
Started Fri Jan 09 07:36:17 2015
Started Fri Jan 09 08:29:12 2015
Started Thu Jan 15 07:42:58 2015
Started Thu Jan 22 12:41:50 2015
Started Thu Jan 22 13:05:47 2015
Started Mon Jan 26 10:07:56 2015
Started Fri Feb 13 11:58:25 2015
Started Wed Feb 18 14:26:42 2015
Started Wed Feb 18 16:45:29 2015
Started Thu Feb 19 07:07:27 2015
Started Thu Feb 26 19:34:40 2015
Started Mon Mar 02 11:26:24 2015
Started Fri Mar 06 07:23:44 2015
Started Mon Mar 16 14:24:17 2015
Started Tue Mar 17 08:36:14 2015
Started Thu Mar 26 12:56:39 2015
Started Fri Apr 03 14:11:12 2015
Stopped cleanly Fri Apr 03 14:13:28 CDT 2015
Started Fri Apr 03 14:13:29 2015
Stopped cleanly Fri Apr 03 14:13:58 CDT 2015
Started Fri Apr 03 14:14:41 2015
Stopped cleanly Fri Apr 03 14:15:03 CDT 2015
Started Fri Apr 03 14:15:04 2015
Started Tue Apr 07 08:38:44 2015
Started Thu Apr 09 09:52:41 2015
Started Thu Apr 09 15:37:03 2015
Started Fri Apr 10 06:59:38 2015
Started Mon Apr 13 11:52:45 2015
Started Tue Apr 14 15:27:54 2015
Started Wed Apr 15 14:22:07 2015
Stopped cleanly Fri Apr 17 14:19:17 CDT 2015
Started Fri Apr 17 14:48:51 2015
Started Sun Apr 19 17:24:23 2015
Started Mon Apr 20 09:36:40 2015
Started Tue Apr 21 07:58:30 2015
Started Tue Apr 21 08:15:54 2015
Started Fri May 01 07:34:48 2015
Started Fri May 01 08:10:04 2015
Started Fri May 01 14:25:25 2015
Started Mon May 04 09:12:01 2015
Started Mon May 04 09:20:31 2015
Started Wed May 06 10:25:14 2015
Started Mon May 11 06:47:48 2015
Started Tue May 12 15:06:48 2015
Started Wed May 20 07:41:49 2015
Started Thu May 21 08:16:19 2015
Started Wed May 27 09:53:03 2015
Started Fri Jun 12 06:51:58 2015
Stopped cleanly Fri Jun 12 06:53:00 CDT 2015
Started Fri Jun 12 06:53:01 2015
Stopped cleanly Fri Jun 12 06:53:18 CDT 2015
Started Fri Jun 12 06:53:42 2015
Started Thu Jun 18 06:42:47 2015
Started Wed Jun 24 07:05:10 2015
Started Thu Jun 25 16:14:11 2015
Started Wed Jul 01 06:51:49 2015
Started Wed Jul 01 07:44:35 2015
Started Wed Jul 01 08:19:04 2015
Started Mon Jul 06 07:35:13 2015
Started Thu Jul 09 08:25:54 2015
Started Thu Jul 09 08:26:53 2015
Started Tue Jul 14 07:12:34 2015
Started Tue Jul 14 07:19:47 2015
Started Tue Jul 14 07:23:57 2015
Started Tue Jul 14 07:31:18 2015
Started Tue Jul 14 07:32:46 2015
Started Tue Jul 14 07:51:57 2015
Started Tue Jul 14 07:53:18 2015
Started Tue Jul 14 07:55:08 2015
Started Tue Jul 14 07:59:28 2015
Started Tue Jul 14 08:00:08 2015
Started Tue Jul 14 08:00:56 2015
Started Wed Jul 15 08:02:11 2015
Started Wed Jul 29 07:06:16 2015
Stopped cleanly Thu Jul 30 13:05:05 CDT 2015
Started Thu Jul 30 13:23:00 2015
Started Fri Jul 31 14:18:30 2015
Stopped cleanly Fri Jul 31 14:19:25 CDT 2015
Started Fri Jul 31 14:19:29 2015
Stopped cleanly Fri Jul 31 14:20:48 CDT 2015
Started Fri Jul 31 14:20:49 2015
Stopped cleanly Fri Jul 31 14:20:57 CDT 2015
Started Fri Jul 31 14:30:35 2015
Stopped cleanly Fri Jul 31 14:30:56 CDT 2015
Started Fri Jul 31 14:30:58 2015
Started Wed Aug 12 08:49:43 2015
Started Wed Aug 12 10:30:02 2015
Started Tue Aug 18 21:49:03 2015
Started Wed Aug 19 07:25:05 2015
Started Mon Aug 24 06:29:45 2015
Started Mon Aug 31 07:27:48 2015
Started Tue Sep 01 09:04:13 2015
Started Wed Sep 09 13:10:55 2015
Started Sat Sep 12 08:12:25 2015
Started Mon Sep 14 07:55:26 2015
Started Wed Sep 16 07:22:24 2015
Started Mon Sep 21 09:44:05 2015
Started Fri Oct 02 08:08:24 2015
Started Wed Oct 14 08:43:40 2015
Started Mon Oct 19 06:58:03 2015
Started Wed Oct 21 06:39:29 2015
Started Fri Oct 30 08:10:54 2015
Started Tue Nov 03 00:33:32 2015
Started Wed Nov 04 19:25:59 2015
Started Fri Nov 06 08:05:32 2015
Started Tue Nov 17 07:38:46 2015
Started Tue Nov 24 21:28:17 2015
Started Tue Dec 01 07:17:02 2015
Started Tue Dec 01 13:53:32 2015
Started Tue Dec 01 15:46:52 2015
Started Tue Dec 01 16:56:36 2015
Started Tue Dec 01 19:40:40 2015
Started Wed Dec 02 12:56:05 2015
Stopped cleanly Wed Dec 02 12:56:19 CST 2015
Started Wed Dec 02 12:56:20 2015
Stopped cleanly Wed Dec 02 13:51:18 CST 2015
Started Wed Dec 02 13:53:24 2015
Stopped cleanly Wed Dec 02 13:56:06 CST 2015
Started Thu Dec 03 06:04:43 2015
Stopped cleanly Mon Dec 07 09:28:58 CST 2015
