
!CONFIGURATION 201310021404 Tue May 18 18:27:01 CDT 1976
!ACTIVITY 1449082569081 Dec 02, 2015 12:56:09.81 file:/C:/notes/framework/rcp/eclipse/ site-install success
!ACTIVITY 1449082569081 Dec 02, 2015 12:56:09.81 file:/C:/notes/data/workspace/applications/eclipse/ site-install success
!ACTIVITY 1449082569081 Dec 02, 2015 12:56:09.81 file:/C:/notes/framework/shared/eclipse/ site-install success

!CONFIGURATION 1449082575347 Wed Dec 02 12:56:15 CST 2015
!ACTIVITY 1449082570603 Dec 02, 2015 12:56:10.603 com.ibm.rcp.site.anchor.user.feature_6.1.1 feature-enable success
!ACTIVITY 1449082574293 Dec 02, 2015 12:56:14.293 com.ibm.rcp.feeds.parser.feature.patch_9.0.1.20140627-1700 feature-enable success
!ACTIVITY 1449082574294 Dec 02, 2015 12:56:14.294 com.ibm.rcp.livetext.feature.patch_9.0.1.20140627-1700 feature-enable success
!ACTIVITY 1449082574295 Dec 02, 2015 12:56:14.295 com.ibm.rcp.eclipse.rcp.ui.feature.patch_9.0.1.20140609-1400 feature-enable success
!ACTIVITY 1449082574297 Dec 02, 2015 12:56:14.297 com.ibm.rcp.xulrunner.runtime.feature.patch_9.0.1.20140627-1700 feature-enable success
!ACTIVITY 1449082574348 Dec 02, 2015 12:56:14.348 com.ibm.rcp.pim.views.feature.patch_9.0.1.20140804-1000-T00037SHF feature-enable success
!ACTIVITY 1449082574348 Dec 02, 2015 12:56:14.348 com.ibm.notes.branding.feature.patch_9.0.1.20140804-1000-T00037SHF feature-enable success
!ACTIVITY 1449082574348 Dec 02, 2015 12:56:14.348 com.ibm.rcp.personality.framework.feature.patch_9.0.1.20140627-1700 feature-enable success
!ACTIVITY 1449082574349 Dec 02, 2015 12:56:14.349 com.ibm.rcp.ui.widgets.feature.patch_9.0.1.20140627-1700 feature-enable success
!ACTIVITY 1449082574349 Dec 02, 2015 12:56:14.349 com.ibm.rcp.accounts.feature.patch_9.0.1.20140627-1700 feature-enable success
!ACTIVITY 1449082574349 Dec 02, 2015 12:56:14.349 com.ibm.designer.domino.feature.patch_9.0.1.20140804-1000-T00037SHF feature-enable success
!ACTIVITY 1449082574349 Dec 02, 2015 12:56:14.349 com.ibm.collaboration.realtime.notes.connector.feature.patch.n9_8.5.2.20140610-0645 feature-enable success
!ACTIVITY 1449082574349 Dec 02, 2015 12:56:14.349 com.ibm.xsp.core.feature.patch_9.0.1.20140804-1000 feature-enable success
!ACTIVITY 1449082574349 Dec 02, 2015 12:56:14.349 com.ibm.notes.client.feature.patch_9.0.1.20140804-1000 feature-enable success
!ACTIVITY 1449082574349 Dec 02, 2015 12:56:14.349 com.ibm.fiesta.commons.feature.patch_9.0.1.20140804-1000 feature-enable success
!ACTIVITY 1449082574349 Dec 02, 2015 12:56:14.349 com.ibm.notes.pim.feature.patch_9.0.1.20140804-1000 feature-enable success
!ACTIVITY 1449082574350 Dec 02, 2015 12:56:14.350 com.ibm.xsp.extlib.feature.patch_9.0.1.20140804-1000 feature-enable success
!ACTIVITY 1449082574350 Dec 02, 2015 12:56:14.350 com.ibm.commons.script.feature.patch_9.0.1.20140804-1000 feature-enable success
!ACTIVITY 1449082574350 Dec 02, 2015 12:56:14.350 com.ibm.rcp.pim.widgets.feature.patch_9.0.1.20140804-1000 feature-enable success
!ACTIVITY 1449082574350 Dec 02, 2015 12:56:14.350 com.ibm.designer.domino.lib.xsp.feature.patch_9.0.1.20140804-1000 feature-enable success
!ACTIVITY 1449082574350 Dec 02, 2015 12:56:14.350 com.ibm.xsp.feature.patch_9.0.1.20140804-1000 feature-enable success
!ACTIVITY 1449082574350 Dec 02, 2015 12:56:14.350 com.ibm.collaboration.realtime.browser.feature_9.0.0.20140703-2342 feature-enable success
!ACTIVITY 1449082574351 Dec 02, 2015 12:56:14.351 com.ibm.collaboration.realtime.chat.logging.feature_9.0.0.20140703-2342 feature-enable success
!ACTIVITY 1449082574351 Dec 02, 2015 12:56:14.351 com.ibm.collaboration.realtime.core.feature_9.0.0.20140703-2342 feature-enable success
!ACTIVITY 1449082574351 Dec 02, 2015 12:56:14.351 com.ibm.collaboration.realtime.im.community.feature_9.0.0.20140703-2342 feature-enable success
!ACTIVITY 1449082574351 Dec 02, 2015 12:56:14.351 com.ibm.collaboration.realtime.messages.feature_9.0.0.20140703-2342 feature-enable success
!ACTIVITY 1449082574351 Dec 02, 2015 12:56:14.351 com.ibm.collaboration.realtime.people.feature_9.0.0.20140703-2342 feature-enable success
!ACTIVITY 1449082574351 Dec 02, 2015 12:56:14.351 com.ibm.collaboration.realtime.rtc.core.feature_9.0.0.20140703-2342 feature-enable success
!ACTIVITY 1449082574352 Dec 02, 2015 12:56:14.352 com.ibm.collaboration.realtime.ui.feature_9.0.0.20140703-2342 feature-enable success
!ACTIVITY 1449082574352 Dec 02, 2015 12:56:14.352 com.ibm.rcp.realtime.livenames.feature_9.0.0.20140703-2342 feature-enable success
!ACTIVITY 1449082574352 Dec 02, 2015 12:56:14.352 com.ibm.collaboration.realtime.accessibility.feature_9.0.0.20140703-2342 feature-enable success
!ACTIVITY 1449082574352 Dec 02, 2015 12:56:14.352 com.ibm.collaboration.realtime.activitymonitor.feature_9.0.0.20140703-2342 feature-enable success
!ACTIVITY 1449082574352 Dec 02, 2015 12:56:14.352 com.ibm.collaboration.realtime.annotate.feature_9.0.0.20140703-2342 feature-enable success
!ACTIVITY 1449082574352 Dec 02, 2015 12:56:14.352 com.ibm.collaboration.realtime.app.services.feature_9.0.0.20140703-2342 feature-enable success
!ACTIVITY 1449082574353 Dec 02, 2015 12:56:14.353 com.ibm.collaboration.realtime.application.feature_9.0.0.20140703-2342 feature-enable success
!ACTIVITY 1449082574353 Dec 02, 2015 12:56:14.353 com.ibm.collaboration.realtime.bluepages.feature_9.0.0.20140703-2342 feature-enable success
!ACTIVITY 1449082574353 Dec 02, 2015 12:56:14.353 com.ibm.collaboration.realtime.brokerbridge.feature_9.0.0.20140703-1535 feature-enable success
!ACTIVITY 1449082574353 Dec 02, 2015 12:56:14.353 com.ibm.collaboration.realtime.browser.xul.feature_9.0.0.20140703-2342 feature-enable success
!ACTIVITY 1449082574353 Dec 02, 2015 12:56:14.353 com.ibm.collaboration.realtime.calendar.common.feature_9.0.0.20140703-2342 feature-enable success
!ACTIVITY 1449082574354 Dec 02, 2015 12:56:14.354 com.ibm.collaboration.realtime.calendar.feature_9.0.0.20140703-2342 feature-enable success
!ACTIVITY 1449082574354 Dec 02, 2015 12:56:14.354 com.ibm.collaboration.realtime.chat.feature_9.0.0.20140703-2342 feature-enable success
!ACTIVITY 1449082574354 Dec 02, 2015 12:56:14.354 com.ibm.collaboration.realtime.chat.logging.impl.feature_9.0.0.20140703-2342 feature-enable success
!ACTIVITY 1449082574354 Dec 02, 2015 12:56:14.354 com.ibm.collaboration.realtime.chat.logging.ui.feature_9.0.0.20140703-2342 feature-enable success
!ACTIVITY 1449082574354 Dec 02, 2015 12:56:14.354 com.ibm.collaboration.realtime.community.st.feature_9.0.0.20140703-2342 feature-enable success
!ACTIVITY 1449082574354 Dec 02, 2015 12:56:14.354 com.ibm.collaboration.realtime.contact.notes.feature_9.0.0.20140704-0046 feature-enable success
!ACTIVITY 1449082574355 Dec 02, 2015 12:56:14.355 com.ibm.collaboration.realtime.contact.storage.feature_9.0.0.20140704-0046 feature-enable success
!ACTIVITY 1449082574355 Dec 02, 2015 12:56:14.355 com.ibm.collaboration.realtime.contactlist.feature_9.0.0.20140703-2342 feature-enable success
!ACTIVITY 1449082574355 Dec 02, 2015 12:56:14.355 com.ibm.collaboration.realtime.credentialstore.feature_9.0.0.20140703-2342 feature-enable success
!ACTIVITY 1449082574355 Dec 02, 2015 12:56:14.355 com.ibm.collaboration.realtime.embedded.feature_9.0.0.20140703-2342 feature-enable success
!ACTIVITY 1449082574364 Dec 02, 2015 12:56:14.364 com.ibm.collaboration.realtime.filetransfer.feature_9.0.0.20140703-2342 feature-enable success
!ACTIVITY 1449082574364 Dec 02, 2015 12:56:14.364 com.ibm.collaboration.realtime.filteredbuddies.feature_9.0.0.20140703-2342 feature-enable success
!ACTIVITY 1449082574364 Dec 02, 2015 12:56:14.364 com.ibm.collaboration.realtime.help.feature_9.0.0.20140703-2342 feature-enable success
!ACTIVITY 1449082574365 Dec 02, 2015 12:56:14.365 com.ibm.collaboration.realtime.im.community.impl.feature_9.0.0.20140703-2342 feature-enable success
!ACTIVITY 1449082574365 Dec 02, 2015 12:56:14.365 com.ibm.collaboration.realtime.installhandler.feature_9.0.0.20140703-2342 feature-enable success
!ACTIVITY 1449082574365 Dec 02, 2015 12:56:14.365 com.ibm.collaboration.realtime.livetext.feature_9.0.0.20140703-2342 feature-enable success
!ACTIVITY 1449082574365 Dec 02, 2015 12:56:14.365 com.ibm.collaboration.realtime.location.feature_9.0.0.20140703-2342 feature-enable success
!ACTIVITY 1449082574365 Dec 02, 2015 12:56:14.365 com.ibm.collaboration.realtime.login.feature_9.0.0.20140703-2342 feature-enable success
!ACTIVITY 1449082574366 Dec 02, 2015 12:56:14.366 com.ibm.collaboration.realtime.notes.connector.feature_9.0.0.20140703-2342 feature-enable success
!ACTIVITY 1449082574366 Dec 02, 2015 12:56:14.366 com.ibm.collaboration.realtime.notes.messages.feature_9.0.0.20140703-2342 feature-enable success
!ACTIVITY 1449082574366 Dec 02, 2015 12:56:14.366 com.ibm.collaboration.realtime.notifications.feature_9.0.0.20140703-2342 feature-enable success
!ACTIVITY 1449082574386 Dec 02, 2015 12:56:14.386 com.ibm.collaboration.realtime.oi.base.feature_9.0.0.20140703-1535 feature-enable success
!ACTIVITY 1449082574797 Dec 02, 2015 12:56:14.797 com.ibm.collaboration.realtime.palettes.feature_9.0.0.20140703-2342 feature-enable success
!ACTIVITY 1449082574797 Dec 02, 2015 12:56:14.797 com.ibm.collaboration.realtime.people.impl.feature_9.0.0.20140703-2342 feature-enable success
!ACTIVITY 1449082574797 Dec 02, 2015 12:56:14.797 com.ibm.collaboration.realtime.primarybuddies.feature_9.0.0.20140703-2342 feature-enable success
!ACTIVITY 1449082574798 Dec 02, 2015 12:56:14.798 com.ibm.collaboration.realtime.quickfind.feature_9.0.0.20140703-2342 feature-enable success
!ACTIVITY 1449082574798 Dec 02, 2015 12:56:14.798 com.ibm.collaboration.realtime.rtc.st.feature_9.0.0.20140703-2342 feature-enable success
!ACTIVITY 1449082574798 Dec 02, 2015 12:56:14.798 com.ibm.collaboration.realtime.rtcadapter.feature_9.0.0.20140703-2342 feature-enable success
!ACTIVITY 1449082574798 Dec 02, 2015 12:56:14.798 com.ibm.collaboration.realtime.spellchecker.feature_9.0.0.20140703-2342 feature-enable success
!ACTIVITY 1449082574799 Dec 02, 2015 12:56:14.799 com.ibm.collaboration.realtime.status.ext.feature_9.0.0.20140703-2342 feature-enable success
!ACTIVITY 1449082574799 Dec 02, 2015 12:56:14.799 com.ibm.collaboration.realtime.stjavatk.feature_9.0.0.20140703-2342 feature-enable success
!ACTIVITY 1449082574805 Dec 02, 2015 12:56:14.805 com.ibm.collaboration.realtime.telephony.base.feature_9.0.0.20140704-0046 feature-enable success
!ACTIVITY 1449082574805 Dec 02, 2015 12:56:14.805 com.ibm.collaboration.realtime.telephony.embedded.feature_9.0.0.20140704-0046 feature-enable success
!ACTIVITY 1449082574806 Dec 02, 2015 12:56:14.806 com.ibm.collaboration.realtime.telephony.prod.feature_9.0.0.20140704-0046 feature-enable success
!ACTIVITY 1449082574806 Dec 02, 2015 12:56:14.806 com.ibm.collaboration.realtime.telephony.softphone.feature_9.0.0.20140704-0046 feature-enable success
!ACTIVITY 1449082574806 Dec 02, 2015 12:56:14.806 com.ibm.collaboration.realtime.telephony.status.feature_9.0.0.20140704-0046 feature-enable success
!ACTIVITY 1449082574806 Dec 02, 2015 12:56:14.806 com.ibm.collaboration.realtime.telephony.sut.base.feature_9.0.0.20140704-0046 feature-enable success
!ACTIVITY 1449082574810 Dec 02, 2015 12:56:14.810 com.ibm.collaboration.realtime.telephony.sut.callhistory.feature_9.0.0.20140704-0046 feature-enable success
!ACTIVITY 1449082574810 Dec 02, 2015 12:56:14.810 com.ibm.collaboration.realtime.telephony.sut.embedded.feature_9.0.0.20140704-0046 feature-enable success
!ACTIVITY 1449082574810 Dec 02, 2015 12:56:14.810 com.ibm.collaboration.realtime.telephony.sut.phonebook.feature_9.0.0.20140704-0046 feature-enable success
!ACTIVITY 1449082574811 Dec 02, 2015 12:56:14.811 com.ibm.collaboration.realtime.webapi.feature_9.0.0.20140703-2342 feature-enable success
!ACTIVITY 1449082574818 Dec 02, 2015 12:56:14.818 com.ibm.collaboration.realtime.orgtree.feature_9.0.0.20140703-2342 feature-enable success
!ACTIVITY 1449082574819 Dec 02, 2015 12:56:14.819 com.ibm.notes.sametime.installed.feature_9.0.0.20140703-2342 feature-enable success
!ACTIVITY 1449082574819 Dec 02, 2015 12:56:14.819 com.ibm.lconn.client.bizcard.extension.feature_9.0.0.20140703-2342 feature-enable success
!ACTIVITY 1449082574819 Dec 02, 2015 12:56:14.819 com.ibm.lconn.client.bizcard.livenames.feature_9.0.0.20140703-2342 feature-enable success
!ACTIVITY 1449082574819 Dec 02, 2015 12:56:14.819 com.ibm.rtc.meetings.embedded.feature_9.0.0.20140703-1450 feature-enable success
!ACTIVITY 1449082574819 Dec 02, 2015 12:56:14.819 com.ibm.rtc.meetings.feature_9.0.0.20140703-1450 feature-enable success
!ACTIVITY 1449082574820 Dec 02, 2015 12:56:14.820 com.ibm.rtc.meetings.help.feature_9.0.0.20140703-1450 feature-enable success
!ACTIVITY 1449082574820 Dec 02, 2015 12:56:14.820 com.ibm.rtc.web.utils.feature_9.0.0.20140703-2342 feature-enable success
!ACTIVITY 1449082574820 Dec 02, 2015 12:56:14.820 com.ibm.collaboration.realtime.oi.embedded.feature_9.0.0.20140703-1535 feature-enable success
!ACTIVITY 1449082574820 Dec 02, 2015 12:56:14.820 com.ibm.collaboration.realtime.advanced.embedded.feature_9.0.0.20140703-1545 feature-enable success
!ACTIVITY 1449082574820 Dec 02, 2015 12:56:14.820 com.ibm.collaboration.realtime.broadcast.feature_9.0.0.20140703-1545 feature-enable success
!ACTIVITY 1449082574821 Dec 02, 2015 12:56:14.821 com.ibm.collaboration.realtime.chatrooms.feature_9.0.0.20140703-1545 feature-enable success
!ACTIVITY 1449082574821 Dec 02, 2015 12:56:14.821 com.ibm.collaboration.realtime.core.advanced.feature_9.0.0.20140703-1545 feature-enable success
!ACTIVITY 1449082574829 Dec 02, 2015 12:56:14.829 com.ibm.collaboration.realtime.instantshare.feature_9.0.0.20140703-1545 feature-enable success
!ACTIVITY 1449082574829 Dec 02, 2015 12:56:14.829 com.ibm.collaboration.realtime.bluepages.embedded.feature_9.0.0.20140703-2342 feature-enable success
!ACTIVITY 1449082574839 Dec 02, 2015 12:56:14.839 com.ibm.collaboration.realtime.telephony.sut.blue.feature_9.0.0.20140704-0046 feature-enable success
!ACTIVITY 1449082574862 Dec 02, 2015 12:56:14.862 com.ibm.collaboration.realtime.telephony.prototypes.feature_9.0.0.20140704-0046 feature-enable success
!ACTIVITY 1449082574863 Dec 02, 2015 12:56:14.863 com.ibm.collaboration.realtime.webapi.ssl.feature_9.0.0.20140703-2342 feature-enable success
!ACTIVITY 1449082574878 Dec 02, 2015 12:56:14.878 com.ibm.lconn.client.bizcard.feature_4.5.0.20141006-1946 feature-enable success
!ACTIVITY 1449082574878 Dec 02, 2015 12:56:14.878 com.ibm.lconn.client.activities.feature_4.5.0.20141006-1946 feature-enable success
!ACTIVITY 1449082574883 Dec 02, 2015 12:56:14.883 com.ibm.lconn.client.activities.nls1.feature_4.5.0.20141006-1946 feature-enable success
!ACTIVITY 1449082574884 Dec 02, 2015 12:56:14.884 com.ibm.lconn.client.activities.nls2.feature_4.5.0.20141006-1946 feature-enable success
!ACTIVITY 1449082574884 Dec 02, 2015 12:56:14.884 com.ibm.lconn.client.activities.nls3.feature_4.5.0.20141006-1946 feature-enable success
!ACTIVITY 1449082574885 Dec 02, 2015 12:56:14.885 com.ibm.lconn.client.activities.nl.feature_4.5.0 feature-enable success
!ACTIVITY 1449082574885 Dec 02, 2015 12:56:14.885 com.ibm.lconn.statusupdates.feature_4.5.0.20141006-1946 feature-enable success
!ACTIVITY 1449082574885 Dec 02, 2015 12:56:14.885 com.ibm.documents.connector.notes.feature_8.5.4.20141007-1111 feature-enable success
!ACTIVITY 1449082574885 Dec 02, 2015 12:56:14.885 com.ibm.documents.connector.notes.feature.nl1_8.5.4.20141007-1111 feature-enable success
!ACTIVITY 1449082574885 Dec 02, 2015 12:56:14.885 com.ibm.documents.connector.notes.feature.nl2_8.5.4.20141007-1111 feature-enable success
!ACTIVITY 1449082574886 Dec 02, 2015 12:56:14.886 com.ibm.documents.connector.notes.feature.nl3_8.5.4.20141007-1111 feature-enable success
!ACTIVITY 1449082574886 Dec 02, 2015 12:56:14.886 com.ibm.documents.share.common.feature_8.5.4.20141007-1111 feature-enable success
!ACTIVITY 1449082574886 Dec 02, 2015 12:56:14.886 com.ibm.documents.share.common.feature.nl1_8.5.4.20141007-1111 feature-enable success
!ACTIVITY 1449082574886 Dec 02, 2015 12:56:14.886 com.ibm.documents.share.common.feature.nl2_8.5.4.20141007-1111 feature-enable success
!ACTIVITY 1449082574887 Dec 02, 2015 12:56:14.887 com.ibm.documents.share.common.feature.nl3_8.5.4.20141007-1111 feature-enable success
!ACTIVITY 1449082574887 Dec 02, 2015 12:56:14.887 com.ibm.documents.share.notes.feature_8.5.4.20141007-1111 feature-enable success
!ACTIVITY 1449082574887 Dec 02, 2015 12:56:14.887 com.ibm.documents.share.notes.feature.nl1_8.5.4.20141007-1111 feature-enable success
!ACTIVITY 1449082574887 Dec 02, 2015 12:56:14.887 com.ibm.documents.share.notes.feature.nl2_8.5.4.20141007-1111 feature-enable success
!ACTIVITY 1449082574888 Dec 02, 2015 12:56:14.888 com.ibm.documents.share.notes.feature.nl3_8.5.4.20141007-1111 feature-enable success
!ACTIVITY 1449082574888 Dec 02, 2015 12:56:14.888 com.ibm.documents.connector.files.authentication.feature_8.5.4.20141007-1111 feature-enable success
!ACTIVITY 1449082574888 Dec 02, 2015 12:56:14.888 com.ibm.documents.connector.runtime.feature_8.5.4.20141007-1111 feature-enable success
!ACTIVITY 1449082574888 Dec 02, 2015 12:56:14.888 com.ibm.documents.connector.runtime.feature.nl1_8.5.4.20141007-1111 feature-enable success
!ACTIVITY 1449082574888 Dec 02, 2015 12:56:14.888 com.ibm.documents.connector.runtime.feature.nl2_8.5.4.20141007-1111 feature-enable success
!ACTIVITY 1449082574889 Dec 02, 2015 12:56:14.889 com.ibm.documents.connector.runtime.feature.nl3_8.5.4.20141007-1111 feature-enable success
!ACTIVITY 1449082574889 Dec 02, 2015 12:56:14.889 com.ibm.documents.connector.account.preferences.feature_8.5.4.20141007-1111 feature-enable success
!ACTIVITY 1449082574889 Dec 02, 2015 12:56:14.889 com.ibm.documents.connector.account.preferences.feature.nl1_8.5.4.20141007-1111 feature-enable success
!ACTIVITY 1449082574889 Dec 02, 2015 12:56:14.889 com.ibm.documents.connector.account.preferences.feature.nl2_8.5.4.20141007-1111 feature-enable success
!ACTIVITY 1449082574890 Dec 02, 2015 12:56:14.890 com.ibm.documents.connector.account.preferences.feature.nl3_8.5.4.20141007-1111 feature-enable success
!ACTIVITY 1449082574890 Dec 02, 2015 12:56:14.890 com.ibm.commons.feature_9.0.1.20131004-1200 feature-enable success
!ACTIVITY 1449082574890 Dec 02, 2015 12:56:14.890 com.ibm.commons.jdbc.feature_9.0.1.20131004-1200 feature-enable success
!ACTIVITY 1449082574893 Dec 02, 2015 12:56:14.893 com.ibm.designer.domino.runtime.feature_9.0.1.20131004-1200 feature-enable success
!ACTIVITY 1449082574893 Dec 02, 2015 12:56:14.893 com.ibm.designer.domino.runtime.core.feature_9.0.1.20131004-1200 feature-enable success
!ACTIVITY 1449082574897 Dec 02, 2015 12:56:14.897 com.ibm.xsp.core.feature_9.0.1.20131004-1200 feature-enable success
!ACTIVITY 1449082574897 Dec 02, 2015 12:56:14.897 com.ibm.xsp.feature_9.0.1.20131004-1200 feature-enable success
!ACTIVITY 1449082574897 Dec 02, 2015 12:56:14.897 com.ibm.designer.domino.api.feature_9.0.1.20131004-1200 feature-enable success
!ACTIVITY 1449082574897 Dec 02, 2015 12:56:14.897 com.ibm.jscript.feature_9.0.1.20131004-1200 feature-enable success
!ACTIVITY 1449082574897 Dec 02, 2015 12:56:14.897 com.ibm.designer.domino.lib.misc.feature_9.0.1.20131004-1200 feature-enable success
!ACTIVITY 1449082574898 Dec 02, 2015 12:56:14.898 com.ibm.designer.domino.lib.xml.feature_9.0.1.20131004-1200 feature-enable success
!ACTIVITY 1449082574898 Dec 02, 2015 12:56:14.898 com.ibm.designer.domino.lib.xml.xstream.feature_9.0.1.20131004-1200 feature-enable success
!ACTIVITY 1449082574898 Dec 02, 2015 12:56:14.898 com.ibm.designer.domino.lib.xsp.feature_9.0.1.20131004-1200 feature-enable success
!ACTIVITY 1449082574898 Dec 02, 2015 12:56:14.898 com.ibm.rcp.spellcheck.server.feature_9.0.1.20131002-1404 feature-enable success
!ACTIVITY 1449082574899 Dec 02, 2015 12:56:14.899 org.apache.wink.feature_1.1.2.20131004-1200 feature-enable success
!ACTIVITY 1449082574899 Dec 02, 2015 12:56:14.899 com.ibm.wink.feature_9.0.1.v00_00_20131004-1200 feature-enable success
!ACTIVITY 1449082574899 Dec 02, 2015 12:56:14.899 com.ibm.xsp.extlib.feature_9.0.1.v00_00_20131004-1200 feature-enable success
!ACTIVITY 1449082574899 Dec 02, 2015 12:56:14.899 com.ibm.commons.additional.features_9.0.1.20131004-1200 feature-enable success
!ACTIVITY 1449082574900 Dec 02, 2015 12:56:14.900 com.ibm.commons.script.feature_9.0.1.20131004-1200 feature-enable success
!ACTIVITY 1449082574900 Dec 02, 2015 12:56:14.900 com.ibm.commons.swt.feature_9.0.1.20131004-1200 feature-enable success
!ACTIVITY 1449082574900 Dec 02, 2015 12:56:14.900 com.ibm.commons.swt.xml.feature_9.0.1.20131004-1200 feature-enable success
!ACTIVITY 1449082574901 Dec 02, 2015 12:56:14.901 com.ibm.commons.xsd.feature_9.0.1.20131004-1200 feature-enable success
!ACTIVITY 1449082574901 Dec 02, 2015 12:56:14.901 com.ibm.designer.domino.doc.feature_9.0.1.20131022-0932 feature-enable success
!ACTIVITY 1449082574901 Dec 02, 2015 12:56:14.901 com.ibm.designer.domino.feature_9.0.1.20131022-0932 feature-enable success
!ACTIVITY 1449082574911 Dec 02, 2015 12:56:14.911 com.ibm.designer.domino.xsp.feature_9.0.1.20131022-0932 feature-enable success
!ACTIVITY 1449082574917 Dec 02, 2015 12:56:14.917 com.ibm.designer.domino.lscript.feature_9.0.1.20131022-0932 feature-enable success
!ACTIVITY 1449082574922 Dec 02, 2015 12:56:14.922 com.ibm.jscript.debugger.feature_9.0.1.20131022-0932 feature-enable success
!ACTIVITY 1449082574922 Dec 02, 2015 12:56:14.922 com.ibm.jscript.editor.feature_9.0.1.20131022-0932 feature-enable success
!ACTIVITY 1449082574923 Dec 02, 2015 12:56:14.923 com.ibm.designer.ide.broker.feature_9.0.1.20131022-0932 feature-enable success
!ACTIVITY 1449082574923 Dec 02, 2015 12:56:14.923 com.ibm.designer.ide.broker.generator.feature_9.0.1.20131022-0932 feature-enable success
!ACTIVITY 1449082574923 Dec 02, 2015 12:56:14.923 com.ibm.etools.attrview.feature_1.1.0.v20090406_2150 feature-enable success
!ACTIVITY 1449082574923 Dec 02, 2015 12:56:14.923 com.ibm.etools.xve.feature_1.4.0.v20090406_2150 feature-enable success
!ACTIVITY 1449082574924 Dec 02, 2015 12:56:14.924 com.ibm.etools.xve.core.feature_1.3.0.v20090425_0155 feature-enable success
!ACTIVITY 1449082574924 Dec 02, 2015 12:56:14.924 org.eclipse.tptp.trace.memory.feature_4.2.0.v200606121835--0842282835373A feature-enable success
!ACTIVITY 1449082574924 Dec 02, 2015 12:56:14.924 com.ibm.cic.licensing.feature_7.0.0.v20061002------2PD88PA89P feature-enable success
!ACTIVITY 1449082574924 Dec 02, 2015 12:56:14.924 com.ibm.rcp.eclipse.emf.add.feature_9.0.1.20130829-1400 feature-enable success
!ACTIVITY 1449082574925 Dec 02, 2015 12:56:14.925 com.ibm.rcp.eclipse.sdk.add.feature_9.0.1.20130829-1400 feature-enable success
!ACTIVITY 1449082574925 Dec 02, 2015 12:56:14.925 com.ibm.rcp.eclipse.wst.add.feature_9.0.1.20130829-1400 feature-enable success
!ACTIVITY 1449082574925 Dec 02, 2015 12:56:14.925 com.ibm.rcp.eclipse.xsd.add.feature_9.0.1.20130829-1400 feature-enable success
!ACTIVITY 1449082574926 Dec 02, 2015 12:56:14.926 com.ibm.xsp.extlib.designer.tooling.feature_9.0.1.v00_00_20131022-0932 feature-enable success
!ACTIVITY 1449082574926 Dec 02, 2015 12:56:14.926 com.ibm.xsp.extlib.feature.source_9.0.1.v00_00_20131004-1200 feature-enable success
!ACTIVITY 1449082574926 Dec 02, 2015 12:56:14.926 com.ibm.xsp.extlib.designer.tooling.feature.source_9.0.1.v00_00_20131022-0932 feature-enable success
!ACTIVITY 1449082574928 Dec 02, 2015 12:56:14.928 com.ibm.langware.v27.feature_2.7.2.201111100545 feature-enable success
!ACTIVITY 1449082574928 Dec 02, 2015 12:56:14.928 com.ibm.langware.v5.feature_7.2.0.201111100545 feature-enable success
!ACTIVITY 1449082574928 Dec 02, 2015 12:56:14.928 com.ibm.langware.engine.feature_6.2.4.201111100545 feature-enable success
!ACTIVITY 1449082574975 Dec 02, 2015 12:56:14.975 com.ibm.langware.v5.dic.en_AU.feature_7.2.0.201111100545 feature-enable success
!ACTIVITY 1449082574975 Dec 02, 2015 12:56:14.975 com.ibm.langware.v5.dic.en_GB.feature_7.2.0.201111100545 feature-enable success
!ACTIVITY 1449082574975 Dec 02, 2015 12:56:14.975 com.ibm.langware.v5.dic.en_US.feature_7.2.0.201111100545 feature-enable success
!ACTIVITY 1449082574975 Dec 02, 2015 12:56:14.975 com.ibm.langware.v5.dic.de_CH.feature_7.2.0.201111100545 feature-enable success
!ACTIVITY 1449082574975 Dec 02, 2015 12:56:14.975 com.ibm.langware.v5.dic.de_DE_Reform.feature_7.2.0.201111100545 feature-enable success
!ACTIVITY 1449082574976 Dec 02, 2015 12:56:14.976 com.ibm.langware.v5.dic.es_ES.feature_7.2.0.201111100545 feature-enable success
!ACTIVITY 1449082574976 Dec 02, 2015 12:56:14.976 com.ibm.langware.v5.dic.fr_CA.feature_7.2.0.201111100545 feature-enable success
!ACTIVITY 1449082574976 Dec 02, 2015 12:56:14.976 com.ibm.langware.v5.dic.fr_FR.feature_7.2.0.201111100545 feature-enable success
!ACTIVITY 1449082574976 Dec 02, 2015 12:56:14.976 com.ibm.langware.v5.dic.it_IT.feature_7.2.0.201111100545 feature-enable success
!ACTIVITY 1449082574976 Dec 02, 2015 12:56:14.976 com.ibm.langware.v5.dic.pt_BR.feature_7.2.0.201111100545 feature-enable success
!ACTIVITY 1449082574976 Dec 02, 2015 12:56:14.976 com.ibm.langware.v5.dic.ar_XX.feature_7.2.0.201111100545 feature-enable success
!ACTIVITY 1449082574976 Dec 02, 2015 12:56:14.976 com.ibm.langware.v5.dic.cs_CZ.feature_7.2.0.201111100545 feature-enable success
!ACTIVITY 1449082574977 Dec 02, 2015 12:56:14.977 com.ibm.langware.v5.dic.da_DK.feature_7.2.0.201111100545 feature-enable success
!ACTIVITY 1449082574977 Dec 02, 2015 12:56:14.977 com.ibm.langware.v5.dic.el_GR.feature_7.2.0.201111100545 feature-enable success
!ACTIVITY 1449082574977 Dec 02, 2015 12:56:14.977 com.ibm.langware.v5.dic.fi_FI.feature_7.2.0.201111100545 feature-enable success
!ACTIVITY 1449082574977 Dec 02, 2015 12:56:14.977 com.ibm.langware.v5.dic.nb_NO.feature_7.2.0.201111100545 feature-enable success
!ACTIVITY 1449082574978 Dec 02, 2015 12:56:14.978 com.ibm.langware.v5.dic.nl_NL.feature_7.2.0.201111100545 feature-enable success
!ACTIVITY 1449082574978 Dec 02, 2015 12:56:14.978 com.ibm.langware.v5.dic.nn_NO.feature_7.2.0.201111100545 feature-enable success
!ACTIVITY 1449082574978 Dec 02, 2015 12:56:14.978 com.ibm.langware.v5.dic.pl_PL.feature_7.2.0.201111100545 feature-enable success
!ACTIVITY 1449082574979 Dec 02, 2015 12:56:14.979 com.ibm.langware.v5.dic.ru_RU.feature_7.2.0.201111100545 feature-enable success
!ACTIVITY 1449082574979 Dec 02, 2015 12:56:14.979 com.ibm.langware.v5.dic.sv_SE.feature_7.2.0.201111100545 feature-enable success
!ACTIVITY 1449082574979 Dec 02, 2015 12:56:14.979 com.ibm.langware.v5.dic.ca_CT.feature_7.2.0.201111100545 feature-enable success
!ACTIVITY 1449082574979 Dec 02, 2015 12:56:14.979 com.ibm.langware.v5.dic.af_ZA.feature_7.2.0.201111100545 feature-enable success
!ACTIVITY 1449082574980 Dec 02, 2015 12:56:14.980 com.ibm.langware.v5.dic.en_US_IBMTerms.feature_7.2.0.201111100545 feature-enable success
!ACTIVITY 1449082574980 Dec 02, 2015 12:56:14.980 com.ibm.langware.v5.dic.en_US_Medical.feature_7.2.0.201111100545 feature-enable success
!ACTIVITY 1449082574980 Dec 02, 2015 12:56:14.980 com.ibm.langware.v5.dic.feature_6.2.4.201201141051 feature-enable success
!ACTIVITY 1449082574985 Dec 02, 2015 12:56:14.985 com.ibm.langware.v27.dic.zh_CN.feature_2.7.2.201111100545 feature-enable success
!ACTIVITY 1449082574986 Dec 02, 2015 12:56:14.986 com.ibm.langware.v27.dic.zh_TW.feature_2.7.2.201111100545 feature-enable success
!ACTIVITY 1449082574986 Dec 02, 2015 12:56:14.986 com.ibm.langware.v27.dic.hu_HU.feature_2.7.2.201111100545 feature-enable success
!ACTIVITY 1449082574986 Dec 02, 2015 12:56:14.986 com.ibm.langware.v27.dic.iw_IL.feature_2.7.2.201111100545 feature-enable success
!ACTIVITY 1449082574986 Dec 02, 2015 12:56:14.986 com.ibm.langware.v27.dic.tr_TR.feature_2.7.2.201111100545 feature-enable success
!ACTIVITY 1449082574986 Dec 02, 2015 12:56:14.986 com.ibm.langware.v27.dic.feature_6.2.4.201111100545 feature-enable success
!ACTIVITY 1449082574987 Dec 02, 2015 12:56:14.987 com.ibm.rcp.hunspell.feature_9.0.1.20131002-1404 feature-enable success
!ACTIVITY 1449082574993 Dec 02, 2015 12:56:14.993 com.ibm.logging.icl.feature_9.0.1.20131002-1404 feature-enable success
!ACTIVITY 1449082574993 Dec 02, 2015 12:56:14.993 com.ibm.mobileservices.isync.db2j.feature_9.1.3.1-20131002-1404 feature-enable success
!ACTIVITY 1449082574993 Dec 02, 2015 12:56:14.993 com.ibm.mobileservices.isync.feature_9.1.3.1-20131002-1404 feature-enable success
!ACTIVITY 1449082575002 Dec 02, 2015 12:56:15.02 com.ibm.json4j.feature_9.0.1.20131002-1404 feature-enable success
!ACTIVITY 1449082575002 Dec 02, 2015 12:56:15.02 com.ibm.osg.service.cm.feature_9.0.1.20131002-1404 feature-enable success
!ACTIVITY 1449082575003 Dec 02, 2015 12:56:15.03 com.ibm.osg.service.metatype.feature_9.0.1.20131002-1404 feature-enable success
!ACTIVITY 1449082575003 Dec 02, 2015 12:56:15.03 com.ibm.osg.service.useradmin.feature_9.0.1.20131002-1404 feature-enable success
!ACTIVITY 1449082575003 Dec 02, 2015 12:56:15.03 com.ibm.portal.feature_9.0.1.20131002-1404 feature-enable success
!ACTIVITY 1449082575050 Dec 02, 2015 12:56:15.50 com.ibm.pvc.jms.feature_1.1.1.20131002-1404 feature-enable success
!ACTIVITY 1449082575050 Dec 02, 2015 12:56:15.50 com.ibm.pvc.jndi.provider.java.feature_9.0.1.20131002-1404 feature-enable success
!ACTIVITY 1449082575051 Dec 02, 2015 12:56:15.51 com.ibm.pvc.jta.feature_9.0.1.20131002-1404 feature-enable success
!ACTIVITY 1449082575051 Dec 02, 2015 12:56:15.51 com.ibm.pvc.servlet.feature_2.5.0.20131002-1404 feature-enable success
!ACTIVITY 1449082575051 Dec 02, 2015 12:56:15.51 com.ibm.pvc.servlet.jsp.feature_2.1.0.20131002-1404 feature-enable success
!ACTIVITY 1449082575052 Dec 02, 2015 12:56:15.52 com.ibm.pvc.servlet.jsp.jstl.feature_1.1.1.20131002-1404 feature-enable success
!ACTIVITY 1449082575052 Dec 02, 2015 12:56:15.52 com.ibm.pvc.webcontainer.feature_9.0.1.20131002-1404 feature-enable success
!ACTIVITY 1449082575052 Dec 02, 2015 12:56:15.52 com.ibm.pvc.webhttpservice.feature_9.0.1.20131002-1404 feature-enable success
!ACTIVITY 1449082575053 Dec 02, 2015 12:56:15.53 com.ibm.pvcws.feature_9.0.1.20131002-1404 feature-enable success
!ACTIVITY 1449082575053 Dec 02, 2015 12:56:15.53 com.ibm.pvcws.wss.feature_9.0.1.20131002-1404 feature-enable success
!ACTIVITY 1449082575053 Dec 02, 2015 12:56:15.53 com.ibm.rcp.accounts.feature_9.0.1.20131002-1404 feature-enable success
!ACTIVITY 1449082575053 Dec 02, 2015 12:56:15.53 com.ibm.rcp.accounts.ui.feature_9.0.1.20131002-1404 feature-enable success
!ACTIVITY 1449082575054 Dec 02, 2015 12:56:15.54 com.ibm.rcp.browser.service.feature_9.0.1.20131002-1404 feature-enable success
!ACTIVITY 1449082575054 Dec 02, 2015 12:56:15.54 com.ibm.rcp.core.logger.ui.feature_9.0.1.20131002-1404 feature-enable success
!ACTIVITY 1449082575054 Dec 02, 2015 12:56:15.54 com.ibm.rcp.database.feature_9.0.1.20131002-1404 feature-enable success
!ACTIVITY 1449082575054 Dec 02, 2015 12:56:15.54 com.ibm.rcp.database.derby.feature_9.0.1.20131002-1404 feature-enable success
!ACTIVITY 1449082575055 Dec 02, 2015 12:56:15.55 com.ibm.rcp.dombrowser.feature_9.0.1.20131002-1404 feature-enable success
!ACTIVITY 1449082575060 Dec 02, 2015 12:56:15.60 com.ibm.rcp.eclipse.emf.feature_9.0.1.20130829-1400 feature-enable success
!ACTIVITY 1449082575060 Dec 02, 2015 12:56:15.60 com.ibm.rcp.eclipse.gef.feature_9.0.1.20130829-1400 feature-enable success
!ACTIVITY 1449082575060 Dec 02, 2015 12:56:15.60 com.ibm.rcp.eclipse.platform.feature_9.0.1.20130829-1400 feature-enable success
!ACTIVITY 1449082575061 Dec 02, 2015 12:56:15.61 com.ibm.rcp.eclipse.rcp.ui.feature_9.0.1.20130829-1400 feature-enable success
!ACTIVITY 1449082575061 Dec 02, 2015 12:56:15.61 com.ibm.rcp.eclipse.xsd.feature_9.0.1.20130829-1400 feature-enable success
!ACTIVITY 1449082575061 Dec 02, 2015 12:56:15.61 com.ibm.rcp.esupport.client.feature_9.0.1.20131002-1404 feature-enable success
!ACTIVITY 1449082575068 Dec 02, 2015 12:56:15.68 com.ibm.esupport.client.product.SSC4TNF.feature_4.1.1.20131002-1404 feature-enable success
!ACTIVITY 1449082575073 Dec 02, 2015 12:56:15.73 com.ibm.rcp.locationmanager.feature_9.0.1.20131002-1404 feature-enable success
!ACTIVITY 1449082575074 Dec 02, 2015 12:56:15.74 com.ibm.rcp.locationmanager.ui.feature_9.0.1.20131002-1404 feature-enable success
!ACTIVITY 1449082575074 Dec 02, 2015 12:56:15.74 com.ibm.rcp.ws.axis.feature_9.0.1.20131002-1404 feature-enable success
!ACTIVITY 1449082575074 Dec 02, 2015 12:56:15.74 com.ibm.rcp.managedsettings.feature_9.0.1.20131002-1404 feature-enable success
!ACTIVITY 1449082575075 Dec 02, 2015 12:56:15.75 com.ibm.rcp.managedsettings.portal.feature_9.0.1.20131002-1404 feature-enable success
!ACTIVITY 1449082575075 Dec 02, 2015 12:56:15.75 com.ibm.rcp.net.feature_9.0.1.20131002-1404 feature-enable success
!ACTIVITY 1449082575075 Dec 02, 2015 12:56:15.75 com.ibm.rcp.personality.default.feature_9.0.1.20131002-1404 feature-enable success
!ACTIVITY 1449082575076 Dec 02, 2015 12:56:15.76 com.ibm.rcp.personality.framework.feature_9.0.1.20131002-1404 feature-enable success
!ACTIVITY 1449082575077 Dec 02, 2015 12:56:15.77 com.ibm.rcp.platform.feature_9.0.1.20131002-1404 feature-disable success
!ACTIVITY 1449082575104 Dec 02, 2015 12:56:15.104 com.ibm.rcp.platform.feature.patch_9.0.1.20140627-1700 feature-disable success
!ACTIVITY 1449082575105 Dec 02, 2015 12:56:15.105 com.ibm.rcp.platform.feature_9.0.1.20131002-1404 feature-enable success
!ACTIVITY 1449082575159 Dec 02, 2015 12:56:15.159 com.ibm.rcp.portal.app.ui.feature_9.0.1.20131002-1404 feature-enable success
!ACTIVITY 1449082575160 Dec 02, 2015 12:56:15.160 com.ibm.rcp.portal.catalog.ui.feature_9.0.1.20131002-1404 feature-enable success
!ACTIVITY 1449082575160 Dec 02, 2015 12:56:15.160 com.ibm.rcp.portal.feature_9.0.1.20131002-1404 feature-enable success
!ACTIVITY 1449082575201 Dec 02, 2015 12:56:15.201 com.ibm.rcp.portletcontainer.feature_9.0.1.20131002-1404 feature-enable success
!ACTIVITY 1449082575201 Dec 02, 2015 12:56:15.201 com.ibm.rcp.portletviewer.feature_9.0.1.20131002-1404 feature-enable success
!ACTIVITY 1449082575202 Dec 02, 2015 12:56:15.202 com.ibm.rcp.propertybroker.feature_9.0.1.20131002-1404 feature-enable success
!ACTIVITY 1449082575202 Dec 02, 2015 12:56:15.202 com.ibm.rcp.propertybroker.swt.feature_9.0.1.20131002-1404 feature-enable success
!ACTIVITY 1449082575202 Dec 02, 2015 12:56:15.202 com.ibm.rcp.provisioning.ui.feature_9.0.1.20131002-1404 feature-enable success
!ACTIVITY 1449082575203 Dec 02, 2015 12:56:15.203 com.ibm.rcp.rte.feature_9.0.1.20131002-1404 feature-enable success
!ACTIVITY 1449082575203 Dec 02, 2015 12:56:15.203 com.ibm.rcp.security.feature_9.0.1.20131002-1404 feature-enable success
!ACTIVITY 1449082575203 Dec 02, 2015 12:56:15.203 com.ibm.rcp.sharedbundle.ui.feature_9.0.1.20131002-1404 feature-enable success
!ACTIVITY 1449082575203 Dec 02, 2015 12:56:15.203 com.ibm.rcp.sync.feature_9.0.1.20131002-1404 feature-enable success
!ACTIVITY 1449082575204 Dec 02, 2015 12:56:15.204 com.ibm.rcp.syncui.feature_9.0.1.20131002-1404 feature-enable success
!ACTIVITY 1449082575204 Dec 02, 2015 12:56:15.204 com.ibm.rcp.syncui.scheduler.feature_9.0.1.20131002-1404 feature-enable success
!ACTIVITY 1449082575204 Dec 02, 2015 12:56:15.204 com.ibm.rcp.textanalyzer.feature_6.2.4.201212180934 feature-enable success
!ACTIVITY 1449082575204 Dec 02, 2015 12:56:15.204 com.ibm.rcp.topologyhandler.ui.feature_9.0.1.20131002-1404 feature-enable success
!ACTIVITY 1449082575205 Dec 02, 2015 12:56:15.205 com.ibm.rcp.ui.browser.feature_9.0.1.20131002-1404 feature-enable success
!ACTIVITY 1449082575205 Dec 02, 2015 12:56:15.205 com.ibm.rcp.ui.browser.launcher.feature_9.0.1.20131002-1404 feature-enable success
!ACTIVITY 1449082575205 Dec 02, 2015 12:56:15.205 com.ibm.rcp.xulrunner.runtime.feature_9.0.1.20131002-1404 feature-enable success
!ACTIVITY 1449082575228 Dec 02, 2015 12:56:15.228 com.ibm.rcp.ui.browser.portal.feature_9.0.1.20131002-1404 feature-enable success
!ACTIVITY 1449082575229 Dec 02, 2015 12:56:15.229 com.ibm.rcp.ui.widgets.feature_9.0.1.20131002-1404 feature-enable success
!ACTIVITY 1449082575229 Dec 02, 2015 12:56:15.229 org.apache.axis.feature_9.0.1.20131002-1404 feature-enable success
!ACTIVITY 1449082575229 Dec 02, 2015 12:56:15.229 org.apache.commons.feature_9.0.1.20131002-1404 feature-enable success
!ACTIVITY 1449082575229 Dec 02, 2015 12:56:15.229 org.apache.derby.feature_10.5.3.1-1002448 feature-enable success
!ACTIVITY 1449082575234 Dec 02, 2015 12:56:15.234 org.osgi.service.webapplication.feature_1.0.1.20131002-1404 feature-enable success
!ACTIVITY 1449082575234 Dec 02, 2015 12:56:15.234 org.apache.myfaces.feature_1.1.2.20131002-1404 feature-enable success
!ACTIVITY 1449082575234 Dec 02, 2015 12:56:15.234 com.ibm.rcp.os.ui.feature_9.0.1.20131002-1404 feature-enable success
!ACTIVITY 1449082575235 Dec 02, 2015 12:56:15.235 com.ibm.rcp.eclipse.jdt.feature_9.0.1.20130829-1400 feature-enable success
!ACTIVITY 1449082575235 Dec 02, 2015 12:56:15.235 com.ibm.rcp.eclipse.sdk.subset.feature_9.0.1.20130829-1400 feature-enable success
!ACTIVITY 1449082575235 Dec 02, 2015 12:56:15.235 com.ibm.rcp.webcontainer.jspcompilerbridge.feature_9.0.1.20131002-1404 feature-enable success
!ACTIVITY 1449082575235 Dec 02, 2015 12:56:15.235 com.ibm.rcp.composite.container.feature_9.0.1.20131002-1404 feature-enable success
!ACTIVITY 1449082575236 Dec 02, 2015 12:56:15.236 com.ibm.rcp.feedreader.feature_9.0.1.20131002-1404 feature-enable success
!ACTIVITY 1449082575236 Dec 02, 2015 12:56:15.236 com.ibm.rcp.threading.monitor.feature_9.0.1.20131002-1404 feature-enable success
!ACTIVITY 1449082575236 Dec 02, 2015 12:56:15.236 com.ibm.rcp.feeds.parser.feature_9.0.1.20131002-1404 feature-enable success
!ACTIVITY 1449082575237 Dec 02, 2015 12:56:15.237 com.ibm.rcp.dynamic.extension.feature_9.0.1.20131002-1404 feature-enable success
!ACTIVITY 1449082575237 Dec 02, 2015 12:56:15.237 com.ibm.rcp.livetext.feature_9.0.1.20131002-1404 feature-enable success
!ACTIVITY 1449082575237 Dec 02, 2015 12:56:15.237 com.ibm.rcp.toolbox.ca.feature_9.0.1.20131002-1404 feature-enable success
!ACTIVITY 1449082575237 Dec 02, 2015 12:56:15.237 com.ibm.rcp.toolbox.ca.provider.feature_9.0.1.20131002-1404 feature-enable success
!ACTIVITY 1449082575238 Dec 02, 2015 12:56:15.238 com.ibm.rcp.toolbox.feature_9.0.1.20131002-1404 feature-enable success
!ACTIVITY 1449082575238 Dec 02, 2015 12:56:15.238 com.ibm.rcp.toolbox.feeds.provider.feature_9.0.1.20131002-1404 feature-enable success
!ACTIVITY 1449082575238 Dec 02, 2015 12:56:15.238 com.ibm.rcp.toolbox.google.provider.feature_9.0.1.20131002-1404 feature-enable success
!ACTIVITY 1449082575238 Dec 02, 2015 12:56:15.238 com.ibm.rcp.toolbox.prov.provider.feature_9.0.1.20131002-1404 feature-enable success
!ACTIVITY 1449082575239 Dec 02, 2015 12:56:15.239 com.ibm.rcp.toolbox.web.provider.feature_9.0.1.20131002-1404 feature-enable success
!ACTIVITY 1449082575239 Dec 02, 2015 12:56:15.239 com.ibm.rcp.eclipse.platform.help.feature_9.0.1.20131002-1404 feature-enable success
!ACTIVITY 1449082575239 Dec 02, 2015 12:56:15.239 com.ibm.rcp.esupport.client.ui.feature_9.0.1.20131002-1404 feature-enable success
!ACTIVITY 1449082575239 Dec 02, 2015 12:56:15.239 com.ibm.rcp.icu.feature_9.0.1.20130829-1400 feature-enable success
!ACTIVITY 1449082575240 Dec 02, 2015 12:56:15.240 com.ibm.micro.feature_9.0.1.20131002-1404 feature-enable success
!ACTIVITY 1449082575240 Dec 02, 2015 12:56:15.240 com.ibm.mqttclient.feature_9.0.1.20131002-1404 feature-enable success
!ACTIVITY 1449082575240 Dec 02, 2015 12:56:15.240 com.ibm.micro.admin.feature_9.0.1.20131002-1404 feature-enable success
!ACTIVITY 1449082575241 Dec 02, 2015 12:56:15.241 com.ibm.micro.client.feature_9.0.1.20131002-1404 feature-enable success
!ACTIVITY 1449082575241 Dec 02, 2015 12:56:15.241 com.ibm.mqttclient.jms.feature_9.0.1.20131002-1404 feature-enable success
!ACTIVITY 1449082575241 Dec 02, 2015 12:56:15.241 com.ibm.rcp.servlet.jwl.feature_3.0.8.20131002-1404 feature-enable success
!ACTIVITY 1449082575241 Dec 02, 2015 12:56:15.241 org.apache.portals.bridges.feature_9.0.1.20131002-1404 feature-enable success
!ACTIVITY 1449082575242 Dec 02, 2015 12:56:15.242 org.apache.struts.feature_9.0.1.20131002-1404 feature-enable success
!ACTIVITY 1449082575242 Dec 02, 2015 12:56:15.242 com.ibm.rcp.servlet.jsf.ext.feature_3.0.8.20131002-1404 feature-enable success
!ACTIVITY 1449082575242 Dec 02, 2015 12:56:15.242 com.ibm.langware.core.runtime.feature_7.2.0.201111100545 feature-enable success
!ACTIVITY 1449082575242 Dec 02, 2015 12:56:15.242 com.ibm.langware.lexical.annotator.runtime.feature_7.2.0.201111100545 feature-enable success
!ACTIVITY 1449082575243 Dec 02, 2015 12:56:15.243 com.ibm.langware.rules.annotator.runtime.feature_7.2.0.201111100545 feature-enable success
!ACTIVITY 1449082575243 Dec 02, 2015 12:56:15.243 org.apache.uima.runtime.feature_2.3.0.incubating feature-enable success
!ACTIVITY 1449082575243 Dec 02, 2015 12:56:15.243 com.ibm.langware.annotation.uima.feature_6.2.4.201111100545 feature-enable success
!ACTIVITY 1449082575243 Dec 02, 2015 12:56:15.243 com.ibm.langware.annotator.dictterms.feature_7.2.0.201111100545 feature-enable success
!ACTIVITY 1449082575244 Dec 02, 2015 12:56:15.244 com.ibm.rcp.textanalyzer.uima.feature_6.2.4.201111100545 feature-enable success
!ACTIVITY 1449082575244 Dec 02, 2015 12:56:15.244 com.ibm.rcp.runtimes.desktop.dev.feature_9.0.1.20131002-1404 feature-enable success
!ACTIVITY 1449082575244 Dec 02, 2015 12:56:15.244 com.ibm.rcp.g11n.feature_9.0.1.20131022-0932 feature-enable success
!ACTIVITY 1449082575245 Dec 02, 2015 12:56:15.245 com.ibm.content.operations.registry.feature_9.0.1.20131002-1404 feature-enable success
!ACTIVITY 1449082575245 Dec 02, 2015 12:56:15.245 com.ibm.rcp.search.feature_9.0.1.20131002-1404 feature-enable success
!ACTIVITY 1449082575245 Dec 02, 2015 12:56:15.245 com.ibm.rcp.contentspots.feature_9.0.1.20131002-1404 feature-enable success
!ACTIVITY 1449082575245 Dec 02, 2015 12:56:15.245 com.ibm.siapi.feature_9.0.1.20131002-1404 feature-enable success
!ACTIVITY 1449082575246 Dec 02, 2015 12:56:15.246 com.ibm.rcp.portal.catalog.doc.feature_9.0.1.20131022-0932 feature-enable success
!ACTIVITY 1449082575246 Dec 02, 2015 12:56:15.246 com.ibm.rcp.ui.browser.content.feature_9.0.1.20131022-0932 feature-enable success
!ACTIVITY 1449082575246 Dec 02, 2015 12:56:15.246 com.ibm.rcp.notes.util.feature_9.0.1.20131022-0932 feature-enable success
!ACTIVITY 1449082575247 Dec 02, 2015 12:56:15.247 com.ibm.directoryservices.feature_9.0.1.20131022-0932 feature-enable success
!ACTIVITY 1449082575247 Dec 02, 2015 12:56:15.247 com.ibm.csi.feature_9.0.1.20131022-0932 feature-enable success
!ACTIVITY 1449082575247 Dec 02, 2015 12:56:15.247 com.ibm.csi.notes.feature_9.0.1.20131022-0932 feature-enable success
!ACTIVITY 1449082575248 Dec 02, 2015 12:56:15.248 com.ibm.notes.ipc.feature_9.0.1.20131022-0932 feature-enable success
!ACTIVITY 1449082575252 Dec 02, 2015 12:56:15.252 com.ibm.rcp.pim.views.feature_9.0.1.20131022-0932 feature-enable success
!ACTIVITY 1449082575252 Dec 02, 2015 12:56:15.252 com.ibm.rcp.pim.widgets.feature_9.0.1.20131022-0932 feature-enable success
!ACTIVITY 1449082575253 Dec 02, 2015 12:56:15.253 com.ibm.notes.java.api.feature_9.0.1.20131022-0932 feature-enable success
!ACTIVITY 1449082575253 Dec 02, 2015 12:56:15.253 com.ibm.notes.client.feature_9.0.1.20131022-0932 feature-enable success
!ACTIVITY 1449082575257 Dec 02, 2015 12:56:15.257 com.ibm.notes.branding.feature_9.0.1.20131022-0932 feature-enable success
!ACTIVITY 1449082575262 Dec 02, 2015 12:56:15.262 com.ibm.notes.links.feature_9.0.1.20131022-0932 feature-enable success
!ACTIVITY 1449082575288 Dec 02, 2015 12:56:15.288 com.ibm.notes.gettingstarted.feature_9.0.1.20131022-0932 feature-enable success
!ACTIVITY 1449082575288 Dec 02, 2015 12:56:15.288 com.ibm.notes.pd.feature_9.0.1.20131022-0932 feature-enable success
!ACTIVITY 1449082575293 Dec 02, 2015 12:56:15.293 com.ibm.notes.document.container.feature_9.0.1.20131022-0932 feature-enable success
!ACTIVITY 1449082575293 Dec 02, 2015 12:56:15.293 com.ibm.notes.view.container.feature_9.0.1.20131022-0932 feature-enable success
!ACTIVITY 1449082575293 Dec 02, 2015 12:56:15.293 com.ibm.notes.notesviews.feature_9.0.1.20131022-0932 feature-enable success
!ACTIVITY 1449082575295 Dec 02, 2015 12:56:15.295 com.ibm.notes.pim.feature_9.0.1.20131022-0932 feature-enable success
!ACTIVITY 1449082575295 Dec 02, 2015 12:56:15.295 com.ibm.notes.dip.feature_9.0.1.20131022-0932 feature-enable success
!ACTIVITY 1449082575296 Dec 02, 2015 12:56:15.296 com.ibm.notes.search.common.feature_9.0.1.20131022-0932 feature-enable success
!ACTIVITY 1449082575296 Dec 02, 2015 12:56:15.296 com.ibm.notes.search.googledesktop.feature_9.0.1.20131022-0932 feature-enable success
!ACTIVITY 1449082575296 Dec 02, 2015 12:56:15.296 com.ibm.notes.search.beagle.feature_9.0.1.20131022-0932 feature-enable success
!ACTIVITY 1449082575297 Dec 02, 2015 12:56:15.297 com.ibm.notes.search.spotlight.feature_9.0.1.20131022-0932 feature-enable success
!ACTIVITY 1449082575297 Dec 02, 2015 12:56:15.297 com.ibm.rcp.search.engines.google.feature_9.0.1.20131022-0932 feature-enable success
!ACTIVITY 1449082575297 Dec 02, 2015 12:56:15.297 com.ibm.rcp.search.engines.yahoo.feature_9.0.1.20131022-0932 feature-enable success
!ACTIVITY 1449082575298 Dec 02, 2015 12:56:15.298 com.ibm.notes.iopes.search.feature_9.0.1.20131022-0932 feature-enable success
!ACTIVITY 1449082575298 Dec 02, 2015 12:56:15.298 com.ibm.notes.search.windowsdesktop.feature_9.0.1.20131022-0932 feature-enable success
!ACTIVITY 1449082575298 Dec 02, 2015 12:56:15.298 com.ibm.notes.search.tracker.feature_9.0.1.20131022-0932 feature-enable success
!ACTIVITY 1449082575299 Dec 02, 2015 12:56:15.299 com.ibm.notes.mailarchivesearch.feature_9.0.1.20131022-0932 feature-enable success
!ACTIVITY 1449082575299 Dec 02, 2015 12:56:15.299 com.ibm.rcp.aaf.feature_9.0.1.20131002-1404 feature-enable success
!ACTIVITY 1449082575299 Dec 02, 2015 12:56:15.299 com.ibm.rcp.aaf.catalog.feature_9.0.1.20131002-1404 feature-enable success
!ACTIVITY 1449082575300 Dec 02, 2015 12:56:15.300 com.ibm.notes.aaf.feature_9.0.1.20131022-0932 feature-enable success
!ACTIVITY 1449082575300 Dec 02, 2015 12:56:15.300 com.ibm.rcp.cae.toolbox.adapter.feature_1.5.0.20131002-1404 feature-enable success
!ACTIVITY 1449082575300 Dec 02, 2015 12:56:15.300 com.ibm.notes.toolbox.ca.provider.feature_9.0.1.20131022-0932 feature-enable success
!ACTIVITY 1449082575301 Dec 02, 2015 12:56:15.301 com.ibm.rcp.feedreader.notes.feature_9.0.1.20131022-0932 feature-enable success
!ACTIVITY 1449082575301 Dec 02, 2015 12:56:15.301 com.ibm.rcp.feedreader.notes.providers.feature_9.0.1.20131022-0932 feature-enable success
!ACTIVITY 1449082575317 Dec 02, 2015 12:56:15.317 com.ibm.notes.toolbox.admin.feature_9.0.1.20131022-0932 feature-enable success
!ACTIVITY 1449082575318 Dec 02, 2015 12:56:15.318 com.ibm.notes.toolbox.provider.feature_9.0.1.20131022-0932 feature-enable success
!ACTIVITY 1449082575318 Dec 02, 2015 12:56:15.318 com.ibm.notes.livetext.feature_9.0.1.20131022-0932 feature-enable success
!ACTIVITY 1449082575319 Dec 02, 2015 12:56:15.319 com.ibm.rcp.toolbox.search.provider.feature_9.0.1.20131022-0932 feature-enable success
!ACTIVITY 1449082575319 Dec 02, 2015 12:56:15.319 com.ibm.notes.toolbox.feature_9.0.1.20131022-0932 feature-enable success
!ACTIVITY 1449082575319 Dec 02, 2015 12:56:15.319 com.ibm.notes.toolbox.langware.feature_9.0.1.20131022-0932 feature-enable success
!ACTIVITY 1449082575320 Dec 02, 2015 12:56:15.320 com.ibm.rcp.roaming.service.feature_9.0.1.20131022-0932 feature-enable success
!ACTIVITY 1449082575320 Dec 02, 2015 12:56:15.320 com.ibm.notes.roaming.provider.feature_9.0.1.20131022-0932 feature-enable success
!ACTIVITY 1449082575321 Dec 02, 2015 12:56:15.321 com.ibm.fiesta.commons.feature_9.0.1.20131022-1058 feature-enable success
!ACTIVITY 1449082575321 Dec 02, 2015 12:56:15.321 com.ibm.fiesta.notes.feature_9.0.1.20131022-1058 feature-enable success
!ACTIVITY 1449082575321 Dec 02, 2015 12:56:15.321 com.ibm.notes.embeddedexperiences.feature_9.0.1.20131022-1058 feature-enable success
!ACTIVITY 1449082575322 Dec 02, 2015 12:56:15.322 com.ibm.rcp.toolbox.opensocial.feature_9.0.1.20131022-1058 feature-enable success
!ACTIVITY 1449082575322 Dec 02, 2015 12:56:15.322 com.ibm.rcp.toolbox.web.provider.se.feature_9.0.1.20131022-1058 feature-enable success
!ACTIVITY 1449082575322 Dec 02, 2015 12:56:15.322 com.ibm.opensocial.sapi.feature_9.0.1.20131022-1058 feature-enable success
!ACTIVITY 1449082575326 Dec 02, 2015 12:56:15.326 com.ibm.rcp.hunspell.dic.pt_PT.feature_9.0.0.20130223-1449 feature-enable success

!CONFIGURATION 1449082577779 Wed Dec 02 12:56:17 CST 2015
!ACTIVITY 1449082577762 Dec 02, 2015 12:56:17.762 com.ibm.collaboration.realtime.quickresponse.feature_1.1.0 feature-enable success
!ACTIVITY 1449082577763 Dec 02, 2015 12:56:17.763 com.ibm.langware.v5.dic.pt_PT.feature_7.1.1.201006221804 feature-enable success
!ACTIVITY 1449082577763 Dec 02, 2015 12:56:17.763 com.ibm.unyte.lotuslive.feature_1.0.0.20140206-1400 feature-enable success
