WARNING (0): File c:\notes\data\pid.nbf not found

Host Name       : T520
User Name       : SYSTEM
Date            : Tue Dec 01 17:05:08 2015
Windows Dir     : C:\Windows
Arguments       : "C:\notes\nsd.exe"  -kill -pipename NSDPIPECNOTES20151201170508 -ini "c:\notes\notes.ini" -svcreq 128
NSD Version     : 8.5.30.1233 (Release 8.5.3)
OS Version      : Windows/7 6.1 [64-bit] (Build 7601), PlatID=2, Service Pack 1 (4 Processors)
			Running as 32-bit Windows application on 64-bit Windows
Build time      : Fri Sep 16 03:13:31 2011
Latest file mod : Mon Aug 22 20:27:26 2011
Notes Core Version   : Release 8.5.3 (32-bit client)
Notes Standard Version   : 8.5.3_20110916.0921
Keyview Version : 10.8.0.0 


<@@@@@@@@@@@@@@@@@@@@@@@@@@@@@@@@@@@@@@@@@@@@@@@@@@@@@@@@@@@@@@@@@@@@@@@@@@@@@@>
Section: System Data -> OS Process Table (Time 17:05:16)
<@@@@@@@@@@@@@@@@@@@@@@@@@@@@@@@@@@@@@@@@@@@@@@@@@@@@@@@@@@@@@@@@@@@@@@@@@@@@@@>

<@@ ------ System Data -> Active Users (Time 17:05:16) ------ @@>

 UID     Name 
   18  SYSTEM
   20  NETWORK SERVICE
   19  LOCAL SERVICE
 1001  Andrew Jones
 1000  UpdatusUser


<@@ ------ System Data -> Processes (Time 17:05:16) ------ @@>

  INFO       PID     PPID      UID   STIME          COMMAND
               0        0       18              ??? [[System Process]:  0000]
             18c        4       18   12/01 15:51:25 [    smss:  018c]
             218      20c       18   12/01 15:51:33 [   csrss:  0218]
             694      218       18   12/01 15:51:47   [ conhost:  0694]
             f84      218       18   12/01 17:05:08   [ conhost:  0f84]
             270      20c       18   12/01 15:51:37 [ wininit:  0270]
             2d4      270       18   12/01 15:51:40   [services:  02d4]
             34c      2d4       18   12/01 15:51:44     [ svchost:  034c]
             ea4      34c       18   12/01 15:52:07       [unsecapp:  0ea4]
             ec4      34c       18   12/01 15:52:07       [WmiPrvSE:  0ec4]
            153c      34c       20   12/01 15:52:20       [WmiPrvSE:  153c]
            1630      34c     1001   12/01 15:52:24       [unsecapp:  1630]
            1e80      34c       18   12/01 15:53:50       ["C:\Program Files (x86)\AT&T Global Network Client\CellularPlugInController\CellularPlugInController.exe" -Embedding:  1e80]
            1d9c      34c       18   12/01 15:54:31       [unsecapp:  1d9c]
            1850      34c       18   12/01 16:56:58       [C:\Windows\sysWOW64\wbem\wmiprvse.exe:  1850]
             38c      2d4       18   12/01 15:51:44     [ibmpmsvc:  038c]
             3b4      2d4       18   12/01 15:51:44     [  nvvsvc:  03b4]
             63c      3b4       18   12/01 15:51:47       [nvxdsync:  063c]
             3cc      2d4       18   12/01 15:51:44     ["C:\Program Files (x86)\NVIDIA Corporation\3D Vision\nvSCPAPISvr.exe":  03cc]
             3f8      2d4       20   12/01 15:51:44     [ svchost:  03f8]
             240      2d4       19   12/01 15:51:44     [ svchost:  0240]
             260      2d4       18   12/01 15:51:44     [ svchost:  0260]
             268      260       18   12/01 15:51:37       [   csrss:  0268]
            1760      268     1001   12/01 15:52:21         [ conhost:  1760]
             5f4      268     1001   12/01 17:05:08         [ conhost:  05f4]
             2a4      260       18   12/01 15:51:38       [winlogon:  02a4]
             504      260       19   12/01 15:51:46       [WUDFHost:  0504]
             68c      260       18   12/01 15:51:47       [ wlanext:  068c]
            14c0      260     1001   12/01 15:52:20       [     dwm:  14c0]
            1898      260       19   12/01 16:54:07       [WUDFHost:  1898]
             2c8      2d4       19   12/01 15:51:44     [ svchost:  02c8]
             2e0      2d4       18   12/01 15:51:44     [ svchost:  02e0]
             de8      2e0     1001   12/01 15:52:14       [ taskeng:  0de8]
            1058      de8     1001   12/01 15:52:14         [SynTPEnh:  1058]
            1414     1058     1001   12/01 15:52:15           [SynTPLpr:  1414]
            164c      de8     1001   12/01 15:52:24         [ SRORest:  164c]
            1358      de8     1001   12/01 15:54:19         ["C:\Program Files (x86)\Lenovo\message center plus\mcplaunch.exe" /start:  1358]
             468      2d4       18   12/01 15:51:45     [ svchost:  0468]
             544      2d4       20   12/01 15:51:46     [ svchost:  0544]
             620      2d4       19   12/01 15:51:47     [ svchost:  0620]
             6d8      2d4       18   12/01 15:51:48     [ spoolsv:  06d8]
             768      2d4       18   12/01 15:51:48     ["C:\Program Files (x86)\Lenovo\Access Connections\AcPrfMgrSvc.exe":  0768]
             648      2d4       18   12/01 15:51:50     ["C:\Program Files (x86)\Common Files\Adobe\ARM\1.0\armsvc.exe":  0648]
             74c      2d4       18   12/01 15:51:50     ["C:\Program Files (x86)\Common Files\Apple\Mobile Device Support\AppleMobileDeviceService.exe":  074c]
             814      2d4       18   12/01 15:51:50     ["C:\Program Files (x86)\BitKinex\bitkinexsvc.exe" DISPATCH:  0814]
             850      2d4       18   12/01 15:51:51     [mDNSResponder:  0850]
             86c      2d4       18   12/01 15:51:51     [ btwdins:  086c]
             88c      2d4       18   12/01 15:51:51     [officeclicktorun:  088c]
             8c0      2d4       18   12/01 15:51:51     [CxAudMsg64:  08c0]
             8d8      2d4       18   12/01 15:51:51     [ svchost:  08d8]
             934      2d4       18   12/01 15:51:52     [  EvtEng:  0934]
             9c0      2d4       19   12/01 15:51:52     [ svchost:  09c0]
             a38      2d4       20   12/01 15:51:52     ["C:\Program Files (x86)\Fitbit Connect\FitbitConnectService.exe":  0a38]
             a50      2d4       19   12/01 15:51:52     [PresentationFontCache:  0a50]
             adc      2d4       18   12/01 15:51:54     ["C:\Program Files (x86)\Sierra Wireless Inc\Gobi\QDLService\GobiQDLService.exe":  0adc]
             af0      2d4       18   12/01 15:51:54     [RIconMan:  0af0]
             b24      2d4       18   12/01 15:51:54     [miragent:  0b24]
             b58      2d4       18   12/01 15:51:54     ["C:\Program Files (x86)\C4ebreg\c4ebreg.exe":  0b58]
             b9c      2d4       18   12/01 15:51:55     ["c:\sdwork\issimsvc.exe":  0b9c]
             8a0      2d4       18   12/01 15:51:55     ["C:\Program Files (x86)\Common Files\InterVideo\RegMgr\iviRegMgr.exe":  08a0]
             5f8      2d4       18   12/01 15:51:55     ["C:\Program Files (x86)\Intel\Services\IPT\jhi_service.exe":  05f8]
             588      2d4       18   12/01 15:51:55     ["C:\Program Files\Lenovo\Communications Utility\CAMMUTE.exe":  0588]
             97c      2d4       18   12/01 15:51:55     ["C:\Program Files\Lenovo\Communications Utility\TPKNRSVC.exe":  097c]
             9f4      2d4       18   12/01 15:51:56     [c:\notes\SUService.exe:  09f4]
             a20      2d4       18   12/01 15:51:56     [c:\notes\nsd.exe -svcinvoke -ini "c:\notes\notes.ini":  0a20]
            16f8      a20       18   12/01 17:05:08       ["C:\notes\nsd.exe"  -kill -pipename NSDPIPECNOTES20151201170508 -ini "c:\notes\notes.ini" -svcreq 128:  16f8]
             b4c      2d4       18   12/01 15:51:56     [c:\notes\ntmulti.exe:  0b4c]
             b64      2d4       18   12/01 15:51:56     ["C:\Program Files (x86)\AT&T Global Network Client\NetAutoconnectFocusSvc.exe":  0b64]
             ab8      2d4       18   12/01 15:51:57     ["C:\Program Files (x86)\AT&T Global Network Client\netcfgsvr.exe":  0ab8]
             be4      2d4       18   12/01 15:51:57     ["C:\Program Files (x86)\AT&T Global Network Client\NetClientSvc.exe":  0be4]
             c34      2d4       18   12/01 15:51:57     ["C:\Program Files (x86)\AT&T Global Network Client\NetLogSvc.exe":  0c34]
             c60      2d4       18   12/01 15:51:57     ["C:\Program Files (x86)\Blue Coat\ProxyClient\ProxyClientSVC.exe":  0c60]
            1bec      c60       18   12/01 15:52:56       [Inject64:  1bec]
             d24      2d4       18   12/01 15:52:00     [ RegSrvc:  0d24]
             d40      2d4       18   12/01 15:52:00     [C:\Windows\SysWOW64\SAsrv.exe:  0d40]
             d5c      2d4       18   12/01 15:52:00     [SwiCardDetect64:  0d5c]
             d74      2d4       18   12/01 15:52:00     ["C:\Program Files\LENOVO\HOTKEY\TPHKSVC.exe":  0d74]
             da0      d74       18   12/01 15:52:00       [ tpnumlk:  0da0]
            1150      d74       18   12/01 15:52:14       [tpnumlkd:  1150]
             e2c      2d4       18   12/01 15:52:06     [  winvnc:  0e2c]
            1a94      e2c       18   12/01 15:54:54       [  winvnc:  1a94]
             f44      2d4       18   12/01 15:52:08     ["C:\Program Files (x86)\X-Rite\Devices\Services\xrdd.exe":  0f44]
             f5c      2d4       18   12/01 15:52:08     [ZeroConfigService:  0f5c]
             f7c      2d4       18   12/01 15:52:08     ["C:\Program Files (x86)\Lenovo\Access Connections\AcSvc.exe":  0f7c]
            1adc      f7c       18   12/01 15:52:52       ["C:\Program Files (x86)\Lenovo\Access Connections\SvcGuiHlpr.exe" /IpNotifyInstance:  1adc]
             fb8      2d4       18   12/01 15:52:08     ["C:\Program Files\LENOVO\HOTKEY\MICMUTE.exe":  0fb8]
             ffc      2d4       18   12/01 15:52:08     [tphkload:  0ffc]
            1288      ffc       18   12/01 15:52:14       [rundll32:  1288]
            1184      ffc     1001   12/01 15:52:14       [C:\PROGRA~1\Lenovo\Zoom\TPSCREX.EXE /UEFI\\.\pipe\{C6A9690C-33AE-4a55-8B65-9498CC0A7B34}.FullScreenMagnifier:  1184]
            12f8      ffc     1001   12/01 15:52:14       [C:\PROGRA~1\Lenovo\HOTKEY\TPONSCR.EXE /UEFI\\.\pipe\{C6A9690C-33AE-4a55-8B65-9498CC0A7B34}.OnScreenDisplay:  12f8]
            133c      ffc       18   12/01 15:52:14       [ shtctky:  133c]
            1094      2d4       18   12/01 15:52:08     [UI0Detect:  1094]
            10e8      2d4       19   12/01 15:52:08     [ svchost:  10e8]
            1218      2d4       20   12/01 15:52:09     [ svchost:  1218]
             7c4      2d4     1001   12/01 15:52:14     [taskhost:  07c4]
            1170      2d4       18   12/01 15:52:27     [SearchIndexer:  1170]
            1604      2d4       20   12/01 15:52:27     [wmpnetwk:  1604]
            1810      2d4       18   12/01 15:53:01     [iPodService:  1810]
            120c      2d4       18   12/01 15:53:22     ["C:\Program Files (x86)\Intel\Intel(R) Management Engine Components\LMS\LMS.exe":  120c]
            11ac      2d4       18   12/01 15:53:22     ["C:\Program Files (x86)\Intel\Intel(R) Management Engine Components\UNS\UNS.exe":  11ac]
            1c78      2d4     1000   12/01 15:54:09     ["C:\Program Files (x86)\NVIDIA Corporation\NVIDIA Update Core\daemonu.exe":  1c78]
            1cec      2d4       18   12/01 15:54:27     ["C:\Program Files (x86)\ThinkPad\Utilities\PWMDBSVC.EXE":  1cec]
            158c      2d4       18   12/01 15:54:31     ["C:\Program Files (x86)\Lenovo\Screen Reading Optimizer\SROSVC.exe":  158c]
            1bb0      2d4       18   12/01 15:54:32     [ svchost:  1bb0]
            1c14      2d4       18   12/01 15:55:39     [TrustedInstaller:  1c14]
             2dc      270       18   12/01 15:51:40   [   lsass:  02dc]
             2e8      270       18   12/01 15:51:40   [     lsm:  02e8]
             7a4      238       18   12/01 15:51:49 [ upeksvr:  07a4]
            1454     1130     1001   12/01 15:52:15 [SynTPHelper:  1454]
            14d8     14b4     1001   12/01 15:52:20 [explorer:  14d8]
            15b0     14d8     1001   12/01 15:52:20   [TpShocks:  15b0]
            15c4     14d8     1001   12/01 15:52:20   ["C:\Program Files\Lenovo\Communications Utility\TpKnrres.exe" :  15c4]
            15f8     14d8     1001   12/01 15:52:20   [   fmapp:  15f8]
            1624     14d8     1001   12/01 15:52:20   [   hkcmd:  1624]
            1634     14d8     1001   12/01 15:52:20   [igfxpers:  1634]
            1668     14d8     1001   12/01 15:52:20   [SetPoint:  1668]
            1818     1668     1001   12/01 15:53:01     [KHALMNPR:  1818]
            167c     14d8     1001   12/01 15:52:20   [HumCSCConsole:  167c]
            1440     14d8     1001   12/01 15:52:22   ["C:\Program Files (x86)\X-Rite\PANTONE Color Calibrator\Color Calibrator Tray.exe" :  1440]
            1480     14d8     1001   12/01 15:52:22   [ipnotify:  1480]
            13f0     14d8     1001   12/01 15:52:22   ["C:\Program Files (x86)\TechSmith\Snagit 11\Snagit32.exe" :  13f0]
            179c     13f0     1001   12/01 15:52:30     ["C:\Program Files (x86)\TechSmith\Snagit 11\TSCHelp.exe" :  179c]
            1888     13f0     1001   12/01 15:52:36     ["C:\Program Files (x86)\TechSmith\Snagit 11\SnagPriv.exe" :  1888]
            1a08     13f0     1001   12/01 15:52:46     ["C:\Program Files (x86)\TechSmith\Snagit 11\snagiteditor.exe" /X:  1a08]
            1ab0     1a08     1001   12/01 15:52:51       [splwow64:  1ab0]
            19fc     13f0     1001   12/01 15:53:08     [ wisptis:  19fc]
             7a0     14d8     1001   12/01 15:52:22   [SetPoint:  07a0]
            15f0     14d8     1001   12/01 15:52:25   [onenotem:  15f0]
             c30     14d8     1001   12/01 15:54:32   ["C:\Program Files (x86)\Mozilla Firefox\firefox.exe" :  0c30]
            172c     1710     1001   12/01 15:52:21 [RCIMGDIR:  172c]
            1740     1710     1001   12/01 15:52:21 [C:\Windows\SysWOW64\rundll32: "C:\Windows\System32\rundll32.exe" "C:\Program Files (x86)\ThinkPad\Utilities\PWMTR64V.DLL",PwrMgrBkGndMonitor:  1740]
            143c     1740     1001   12/01 15:52:22   [rundll32:  143c]
            1794     143c     1001   12/01 15:52:25     ["C:\Program Files (x86)\ThinkPad\Utilities\SCHTASK.exe":  1794]
            1758     16bc     1001   12/01 15:52:21 ["C:\Program Files (x86)\IBM\TamNoon\TamnunMain.exe" -noservice:  1758]
            16fc     17d8     1001   12/01 15:52:30 [     GWX:  16fc]
            19b0     1710     1001   12/01 15:52:44 ["C:\Program Files (x86)\BOINC\boinctray.exe" :  19b0]
            1b6c     1710     1001   12/01 15:52:55 ["C:\Program Files (x86)\Fitbit Connect\Fitbit Connect.exe" /autorun:  1b6c]
            1bb8     1710     1001   12/01 15:52:56 ["C:\Program Files (x86)\iTunes\iTunesHelper.exe" :  1bb8]
            1bc8     1710     1001   12/01 15:52:56 ["C:\Program Files (x86)\Blue Coat\ProxyClient\ProxyClientUI.exe" :  1bc8]
            1734     1710     1001   12/01 15:52:58 ["C:\Program Files (x86)\C4ebreg\isamtray.exe" :  1734]
            10d4     1738     1001   12/01 15:53:21 [PrivacyIconClient:  10d4]
            1ce4     1ca8     1001   12/01 15:53:42 ["C:\Program Files (x86)\AT&T Global Network Client\NetClient.exe" "C:\Program Files (x86)\AT&T Global Network Client\NetClientLauncher.exe" :  1ce4]
            1e0c      f04       18   12/01 15:54:09 ["C:\Program Files (x86)\Google\Update\GoogleUpdate.exe" /c:  1e0c]
            1670     18cc     1001   12/01 16:56:58 ["c:\sdwork\w32maing.exe" INSTALL "c:\sdwork\boots.enc":  1670]
            1ed8     1670     1001   12/01 17:05:08   [c:\notes\nsd.exe -kill:  1ed8]

ERROR (0): No notes processes seem to be running

<@@@@@@@@@@@@@@@@@@@@@@@@@@@@@@@@@@@@@@@@@@@@@@@@@@@@@@@@@@@@@@@@@@@@@@@@@@@@@@>
Section: System Data -> Notes Process Summary (Time 17:05:16)
<@@@@@@@@@@@@@@@@@@@@@@@@@@@@@@@@@@@@@@@@@@@@@@@@@@@@@@@@@@@@@@@@@@@@@@@@@@@@@@>

<@@ ------ Instances -> Instance1 (current) (Time 17:05:16) ------ @@>

                Ini File   : c:\notes\notes.ini
                Data Dir   : c:\notes\data
                Prog Dir   : C:\notes\
                Notes Core Build: Release 8.5.3 September 15, 2011             
                Notes Standard Build   : 8.5.3_20110916.0921

            Proc List:
ERROR (0): nothing to report: no active processes found for this instance


Started at: Tue Dec 01 17:05:08 2015
Ended   at: Tue Dec 01 17:05:16 2015
Time Spent: 00:00:08

Generated Messages:

   WARNING (0): File c:\notes\data\pid.nbf not found

   ERROR (0): No notes processes seem to be running
   ERROR (0): nothing to report: no active processes found for this instance


Please send the following files:

                NSD Log : c:\notes\data\kill_W32I_T520_2015_12_01@17_05_08.log
