
!CONFIGURATION 201310021404 Tue May 18 18:27:01 CDT 1976
!ACTIVITY 1438370452361 Jul 31, 2015 14:20:52.361 file:/C:/notes/framework/rcp/eclipse/ site-install success
!ACTIVITY 1438370452361 Jul 31, 2015 14:20:52.361 file:/C:/notes/data/workspace/applications/eclipse/ site-install success
!ACTIVITY 1438370452361 Jul 31, 2015 14:20:52.361 file:/C:/notes/framework/shared/eclipse/ site-install success

!CONFIGURATION 1438371048000 Fri Jul 31 14:30:48 CDT 2015
!ACTIVITY 1438371041563 Jul 31, 2015 14:30:41.563 com.ibm.rcp.site.anchor.user.feature_6.1.1 feature-enable success
!ACTIVITY 1438371045843 Jul 31, 2015 14:30:45.843 com.ibm.rcp.feeds.parser.feature.patch_9.0.1.20140627-1700 feature-enable success
!ACTIVITY 1438371045843 Jul 31, 2015 14:30:45.843 com.ibm.rcp.livetext.feature.patch_9.0.1.20140627-1700 feature-enable success
!ACTIVITY 1438371045844 Jul 31, 2015 14:30:45.844 com.ibm.rcp.eclipse.rcp.ui.feature.patch_9.0.1.20140609-1400 feature-enable success
!ACTIVITY 1438371045846 Jul 31, 2015 14:30:45.846 com.ibm.rcp.xulrunner.runtime.feature.patch_9.0.1.20140627-1700 feature-enable success
!ACTIVITY 1438371045983 Jul 31, 2015 14:30:45.983 com.ibm.rcp.pim.views.feature.patch_9.0.1.20140804-1000-T00037SHF feature-enable success
!ACTIVITY 1438371045983 Jul 31, 2015 14:30:45.983 com.ibm.notes.branding.feature.patch_9.0.1.20140804-1000-T00037SHF feature-enable success
!ACTIVITY 1438371045983 Jul 31, 2015 14:30:45.983 com.ibm.rcp.personality.framework.feature.patch_9.0.1.20140627-1700 feature-enable success
!ACTIVITY 1438371045983 Jul 31, 2015 14:30:45.983 com.ibm.rcp.ui.widgets.feature.patch_9.0.1.20140627-1700 feature-enable success
!ACTIVITY 1438371045983 Jul 31, 2015 14:30:45.983 com.ibm.rcp.accounts.feature.patch_9.0.1.20140627-1700 feature-enable success
!ACTIVITY 1438371045983 Jul 31, 2015 14:30:45.983 com.ibm.designer.domino.feature.patch_9.0.1.20140804-1000-T00037SHF feature-enable success
!ACTIVITY 1438371045984 Jul 31, 2015 14:30:45.984 com.ibm.collaboration.realtime.notes.connector.feature.patch.n9_8.5.2.20140610-0645 feature-enable success
!ACTIVITY 1438371045984 Jul 31, 2015 14:30:45.984 com.ibm.xsp.core.feature.patch_9.0.1.20140804-1000 feature-enable success
!ACTIVITY 1438371045984 Jul 31, 2015 14:30:45.984 com.ibm.notes.client.feature.patch_9.0.1.20140804-1000 feature-enable success
!ACTIVITY 1438371045984 Jul 31, 2015 14:30:45.984 com.ibm.fiesta.commons.feature.patch_9.0.1.20140804-1000 feature-enable success
!ACTIVITY 1438371045984 Jul 31, 2015 14:30:45.984 com.ibm.notes.pim.feature.patch_9.0.1.20140804-1000 feature-enable success
!ACTIVITY 1438371045984 Jul 31, 2015 14:30:45.984 com.ibm.xsp.extlib.feature.patch_9.0.1.20140804-1000 feature-enable success
!ACTIVITY 1438371045984 Jul 31, 2015 14:30:45.984 com.ibm.commons.script.feature.patch_9.0.1.20140804-1000 feature-enable success
!ACTIVITY 1438371045984 Jul 31, 2015 14:30:45.984 com.ibm.rcp.pim.widgets.feature.patch_9.0.1.20140804-1000 feature-enable success
!ACTIVITY 1438371045984 Jul 31, 2015 14:30:45.984 com.ibm.designer.domino.lib.xsp.feature.patch_9.0.1.20140804-1000 feature-enable success
!ACTIVITY 1438371045985 Jul 31, 2015 14:30:45.985 com.ibm.xsp.feature.patch_9.0.1.20140804-1000 feature-enable success
!ACTIVITY 1438371045985 Jul 31, 2015 14:30:45.985 com.ibm.lconn.client.bizcard.feature_4.5.0.20150203-1718 feature-enable success
!ACTIVITY 1438371045985 Jul 31, 2015 14:30:45.985 com.ibm.lconn.client.activities.feature_4.5.0.20150203-1718 feature-enable success
!ACTIVITY 1438371045989 Jul 31, 2015 14:30:45.989 com.ibm.lconn.client.activities.nls1.feature_4.5.0.20130513-2034 feature-enable success
!ACTIVITY 1438371045989 Jul 31, 2015 14:30:45.989 com.ibm.lconn.client.activities.nls2.feature_4.5.0.20130513-2034 feature-enable success
!ACTIVITY 1438371045989 Jul 31, 2015 14:30:45.989 com.ibm.lconn.client.activities.nls3.feature_4.5.0.20130513-2034 feature-enable success
!ACTIVITY 1438371045990 Jul 31, 2015 14:30:45.990 com.ibm.lconn.client.activities.nl.feature_4.5.0 feature-enable success
!ACTIVITY 1438371045990 Jul 31, 2015 14:30:45.990 com.ibm.lconn.statusupdates.feature_4.5.0.20150203-1718 feature-enable success
!ACTIVITY 1438371045990 Jul 31, 2015 14:30:45.990 com.ibm.documents.connector.notes.feature_8.5.4.20150204-0740 feature-enable success
!ACTIVITY 1438371045990 Jul 31, 2015 14:30:45.990 com.ibm.documents.connector.notes.feature.nl1_8.5.4.20150204-0740 feature-enable success
!ACTIVITY 1438371045991 Jul 31, 2015 14:30:45.991 com.ibm.documents.connector.notes.feature.nl2_8.5.4.20150204-0740 feature-enable success
!ACTIVITY 1438371045991 Jul 31, 2015 14:30:45.991 com.ibm.documents.connector.notes.feature.nl3_8.5.4.20150204-0740 feature-enable success
!ACTIVITY 1438371045991 Jul 31, 2015 14:30:45.991 com.ibm.documents.share.common.feature_8.5.4.20150204-0740 feature-enable success
!ACTIVITY 1438371045991 Jul 31, 2015 14:30:45.991 com.ibm.documents.share.common.feature.nl1_8.5.4.20150204-0740 feature-enable success
!ACTIVITY 1438371045991 Jul 31, 2015 14:30:45.991 com.ibm.documents.share.common.feature.nl2_8.5.4.20150204-0740 feature-enable success
!ACTIVITY 1438371045991 Jul 31, 2015 14:30:45.991 com.ibm.documents.share.common.feature.nl3_8.5.4.20150204-0740 feature-enable success
!ACTIVITY 1438371045991 Jul 31, 2015 14:30:45.991 com.ibm.documents.share.notes.feature_8.5.4.20150204-0740 feature-enable success
!ACTIVITY 1438371045991 Jul 31, 2015 14:30:45.991 com.ibm.documents.share.notes.feature.nl1_8.5.4.20150204-0740 feature-enable success
!ACTIVITY 1438371045992 Jul 31, 2015 14:30:45.992 com.ibm.documents.share.notes.feature.nl2_8.5.4.20150204-0740 feature-enable success
!ACTIVITY 1438371045992 Jul 31, 2015 14:30:45.992 com.ibm.documents.share.notes.feature.nl3_8.5.4.20150204-0740 feature-enable success
!ACTIVITY 1438371045992 Jul 31, 2015 14:30:45.992 com.ibm.documents.connector.files.authentication.feature_8.5.4.20150204-0740 feature-enable success
!ACTIVITY 1438371045992 Jul 31, 2015 14:30:45.992 com.ibm.documents.connector.runtime.feature_8.5.4.20150204-0740 feature-enable success
!ACTIVITY 1438371045992 Jul 31, 2015 14:30:45.992 com.ibm.documents.connector.runtime.feature.nl1_8.5.4.20150204-0740 feature-enable success
!ACTIVITY 1438371045992 Jul 31, 2015 14:30:45.992 com.ibm.documents.connector.runtime.feature.nl2_8.5.4.20150204-0740 feature-enable success
!ACTIVITY 1438371045993 Jul 31, 2015 14:30:45.993 com.ibm.documents.connector.runtime.feature.nl3_8.5.4.20150204-0740 feature-enable success
!ACTIVITY 1438371045993 Jul 31, 2015 14:30:45.993 com.ibm.documents.connector.account.preferences.feature_8.5.4.20150204-0740 feature-enable success
!ACTIVITY 1438371045993 Jul 31, 2015 14:30:45.993 com.ibm.documents.connector.account.preferences.feature.nl1_8.5.4.20150204-0740 feature-enable success
!ACTIVITY 1438371045993 Jul 31, 2015 14:30:45.993 com.ibm.documents.connector.account.preferences.feature.nl2_8.5.4.20150204-0740 feature-enable success
!ACTIVITY 1438371045993 Jul 31, 2015 14:30:45.993 com.ibm.documents.connector.account.preferences.feature.nl3_8.5.4.20150204-0740 feature-enable success
!ACTIVITY 1438371045994 Jul 31, 2015 14:30:45.994 com.ibm.sametime.contactcleaner.feature_1.0.0.201009071625 feature-enable success
!ACTIVITY 1438371045994 Jul 31, 2015 14:30:45.994 com.ibm.collaboration.realtime.browser.feature_9.0.0.20150203-0608 feature-enable success
!ACTIVITY 1438371045994 Jul 31, 2015 14:30:45.994 com.ibm.collaboration.realtime.chat.logging.feature_9.0.0.20150203-0608 feature-enable success
!ACTIVITY 1438371045994 Jul 31, 2015 14:30:45.994 com.ibm.collaboration.realtime.core.feature_9.0.0.20150203-0608 feature-enable success
!ACTIVITY 1438371045994 Jul 31, 2015 14:30:45.994 com.ibm.collaboration.realtime.im.community.feature_9.0.0.20150203-0608 feature-enable success
!ACTIVITY 1438371045994 Jul 31, 2015 14:30:45.994 com.ibm.collaboration.realtime.messages.feature_9.0.0.20150203-0608 feature-enable success
!ACTIVITY 1438371045995 Jul 31, 2015 14:30:45.995 com.ibm.collaboration.realtime.people.feature_9.0.0.20150203-0608 feature-enable success
!ACTIVITY 1438371045995 Jul 31, 2015 14:30:45.995 com.ibm.collaboration.realtime.rtc.core.feature_9.0.0.20150203-0608 feature-enable success
!ACTIVITY 1438371045995 Jul 31, 2015 14:30:45.995 com.ibm.collaboration.realtime.ui.feature_9.0.0.20150203-0608 feature-enable success
!ACTIVITY 1438371045995 Jul 31, 2015 14:30:45.995 com.ibm.rcp.realtime.livenames.feature_9.0.0.20150203-0608 feature-enable success
!ACTIVITY 1438371045995 Jul 31, 2015 14:30:45.995 com.ibm.collaboration.realtime.accessibility.feature_9.0.0.20150203-0608 feature-enable success
!ACTIVITY 1438371045995 Jul 31, 2015 14:30:45.995 com.ibm.collaboration.realtime.activitymonitor.feature_9.0.0.20150203-0608 feature-enable success
!ACTIVITY 1438371045996 Jul 31, 2015 14:30:45.996 com.ibm.collaboration.realtime.annotate.feature_9.0.0.20150203-0608 feature-enable success
!ACTIVITY 1438371045996 Jul 31, 2015 14:30:45.996 com.ibm.collaboration.realtime.app.services.feature_9.0.0.20150203-0608 feature-enable success
!ACTIVITY 1438371045996 Jul 31, 2015 14:30:45.996 com.ibm.collaboration.realtime.application.feature_9.0.0.20150203-0608 feature-enable success
!ACTIVITY 1438371045996 Jul 31, 2015 14:30:45.996 com.ibm.collaboration.realtime.bluepages.feature_9.0.0.20150203-0608 feature-enable success
!ACTIVITY 1438371045996 Jul 31, 2015 14:30:45.996 com.ibm.collaboration.realtime.brokerbridge.feature_9.0.0.20150203-0745 feature-enable success
!ACTIVITY 1438371045997 Jul 31, 2015 14:30:45.997 com.ibm.collaboration.realtime.browser.xul.feature_9.0.0.20150203-0608 feature-enable success
!ACTIVITY 1438371045997 Jul 31, 2015 14:30:45.997 com.ibm.collaboration.realtime.calendar.common.feature_9.0.0.20150203-0608 feature-enable success
!ACTIVITY 1438371045997 Jul 31, 2015 14:30:45.997 com.ibm.collaboration.realtime.calendar.feature_9.0.0.20150203-0608 feature-enable success
!ACTIVITY 1438371045997 Jul 31, 2015 14:30:45.997 com.ibm.collaboration.realtime.chat.feature_9.0.0.20150203-0608 feature-enable success
!ACTIVITY 1438371045997 Jul 31, 2015 14:30:45.997 com.ibm.collaboration.realtime.chat.logging.impl.feature_9.0.0.20150203-0608 feature-enable success
!ACTIVITY 1438371045997 Jul 31, 2015 14:30:45.997 com.ibm.collaboration.realtime.chat.logging.ui.feature_9.0.0.20150203-0608 feature-enable success
!ACTIVITY 1438371045998 Jul 31, 2015 14:30:45.998 com.ibm.collaboration.realtime.community.st.feature_9.0.0.20150203-0608 feature-enable success
!ACTIVITY 1438371045998 Jul 31, 2015 14:30:45.998 com.ibm.collaboration.realtime.contact.notes.feature_9.0.0.20150203-0045 feature-enable success
!ACTIVITY 1438371045998 Jul 31, 2015 14:30:45.998 com.ibm.collaboration.realtime.contact.storage.feature_9.0.0.20150203-0045 feature-enable success
!ACTIVITY 1438371045998 Jul 31, 2015 14:30:45.998 com.ibm.collaboration.realtime.contactlist.feature_9.0.0.20150203-0608 feature-enable success
!ACTIVITY 1438371045998 Jul 31, 2015 14:30:45.998 com.ibm.collaboration.realtime.credentialstore.feature_9.0.0.20150203-0608 feature-enable success
!ACTIVITY 1438371045999 Jul 31, 2015 14:30:45.999 com.ibm.collaboration.realtime.embedded.feature_9.0.0.20150203-0608 feature-enable success
!ACTIVITY 1438371046021 Jul 31, 2015 14:30:46.21 com.ibm.collaboration.realtime.filetransfer.feature_9.0.0.20150203-0608 feature-enable success
!ACTIVITY 1438371046021 Jul 31, 2015 14:30:46.21 com.ibm.collaboration.realtime.filteredbuddies.feature_9.0.0.20150203-0608 feature-enable success
!ACTIVITY 1438371046021 Jul 31, 2015 14:30:46.21 com.ibm.collaboration.realtime.help.feature_9.0.0.20150203-0608 feature-enable success
!ACTIVITY 1438371046022 Jul 31, 2015 14:30:46.22 com.ibm.collaboration.realtime.im.community.impl.feature_9.0.0.20150203-0608 feature-enable success
!ACTIVITY 1438371046022 Jul 31, 2015 14:30:46.22 com.ibm.collaboration.realtime.installhandler.feature_9.0.0.20150203-0608 feature-enable success
!ACTIVITY 1438371046022 Jul 31, 2015 14:30:46.22 com.ibm.collaboration.realtime.livetext.feature_9.0.0.20150203-0608 feature-enable success
!ACTIVITY 1438371046022 Jul 31, 2015 14:30:46.22 com.ibm.collaboration.realtime.location.feature_9.0.0.20150203-0608 feature-enable success
!ACTIVITY 1438371046022 Jul 31, 2015 14:30:46.22 com.ibm.collaboration.realtime.login.feature_9.0.0.20150203-0608 feature-enable success
!ACTIVITY 1438371046023 Jul 31, 2015 14:30:46.23 com.ibm.collaboration.realtime.notes.connector.feature_9.0.0.20150203-0608 feature-enable success
!ACTIVITY 1438371046023 Jul 31, 2015 14:30:46.23 com.ibm.collaboration.realtime.notes.messages.feature_9.0.0.20150203-0608 feature-enable success
!ACTIVITY 1438371046023 Jul 31, 2015 14:30:46.23 com.ibm.collaboration.realtime.notifications.feature_9.0.0.20150203-0608 feature-enable success
!ACTIVITY 1438371046082 Jul 31, 2015 14:30:46.82 com.ibm.collaboration.realtime.oi.base.feature_9.0.0.20150203-0745 feature-enable success
!ACTIVITY 1438371046592 Jul 31, 2015 14:30:46.592 com.ibm.collaboration.realtime.palettes.feature_9.0.0.20150203-0608 feature-enable success
!ACTIVITY 1438371046592 Jul 31, 2015 14:30:46.592 com.ibm.collaboration.realtime.people.impl.feature_9.0.0.20150203-0608 feature-enable success
!ACTIVITY 1438371046592 Jul 31, 2015 14:30:46.592 com.ibm.collaboration.realtime.primarybuddies.feature_9.0.0.20150203-0608 feature-enable success
!ACTIVITY 1438371046592 Jul 31, 2015 14:30:46.592 com.ibm.collaboration.realtime.quickfind.feature_9.0.0.20150203-0608 feature-enable success
!ACTIVITY 1438371046592 Jul 31, 2015 14:30:46.592 com.ibm.collaboration.realtime.rtc.st.feature_9.0.0.20150203-0608 feature-enable success
!ACTIVITY 1438371046592 Jul 31, 2015 14:30:46.592 com.ibm.collaboration.realtime.rtcadapter.feature_9.0.0.20150203-0608 feature-enable success
!ACTIVITY 1438371046593 Jul 31, 2015 14:30:46.593 com.ibm.collaboration.realtime.spellchecker.feature_9.0.0.20150203-0608 feature-enable success
!ACTIVITY 1438371046593 Jul 31, 2015 14:30:46.593 com.ibm.collaboration.realtime.status.ext.feature_9.0.0.20150203-0608 feature-enable success
!ACTIVITY 1438371046593 Jul 31, 2015 14:30:46.593 com.ibm.collaboration.realtime.stjavatk.feature_9.0.0.20150203-0608 feature-enable success
!ACTIVITY 1438371046618 Jul 31, 2015 14:30:46.618 com.ibm.collaboration.realtime.telephony.base.feature_9.0.0.20150203-0045 feature-enable success
!ACTIVITY 1438371046618 Jul 31, 2015 14:30:46.618 com.ibm.collaboration.realtime.telephony.embedded.feature_9.0.0.20150203-0045 feature-enable success
!ACTIVITY 1438371046618 Jul 31, 2015 14:30:46.618 com.ibm.collaboration.realtime.telephony.prod.feature_9.0.0.20150203-0045 feature-enable success
!ACTIVITY 1438371046619 Jul 31, 2015 14:30:46.619 com.ibm.collaboration.realtime.telephony.softphone.feature_9.0.0.20150203-0045 feature-enable success
!ACTIVITY 1438371046619 Jul 31, 2015 14:30:46.619 com.ibm.collaboration.realtime.telephony.status.feature_9.0.0.20150203-0045 feature-enable success
!ACTIVITY 1438371046619 Jul 31, 2015 14:30:46.619 com.ibm.collaboration.realtime.telephony.sut.base.feature_9.0.0.20150203-0045 feature-enable success
!ACTIVITY 1438371046630 Jul 31, 2015 14:30:46.630 com.ibm.collaboration.realtime.telephony.sut.callhistory.feature_9.0.0.20150203-0045 feature-enable success
!ACTIVITY 1438371046631 Jul 31, 2015 14:30:46.631 com.ibm.collaboration.realtime.telephony.sut.embedded.feature_9.0.0.20150203-0045 feature-enable success
!ACTIVITY 1438371046631 Jul 31, 2015 14:30:46.631 com.ibm.collaboration.realtime.telephony.sut.phonebook.feature_9.0.0.20150203-0045 feature-enable success
!ACTIVITY 1438371046631 Jul 31, 2015 14:30:46.631 com.ibm.collaboration.realtime.webapi.feature_9.0.0.20150203-0608 feature-enable success
!ACTIVITY 1438371046654 Jul 31, 2015 14:30:46.654 com.ibm.collaboration.realtime.orgtree.feature_9.0.0.20150203-0608 feature-enable success
!ACTIVITY 1438371046654 Jul 31, 2015 14:30:46.654 com.ibm.notes.sametime.installed.feature_9.0.0.20150203-0608 feature-enable success
!ACTIVITY 1438371046654 Jul 31, 2015 14:30:46.654 com.ibm.lconn.client.bizcard.extension.feature_9.0.0.20150203-0608 feature-enable success
!ACTIVITY 1438371046654 Jul 31, 2015 14:30:46.654 com.ibm.lconn.client.bizcard.livenames.feature_9.0.0.20150203-0608 feature-enable success
!ACTIVITY 1438371046655 Jul 31, 2015 14:30:46.655 com.ibm.rtc.meetings.embedded.feature_9.0.0.20150203-1103 feature-enable success
!ACTIVITY 1438371046655 Jul 31, 2015 14:30:46.655 com.ibm.rtc.meetings.feature_9.0.0.20150203-1103 feature-enable success
!ACTIVITY 1438371046655 Jul 31, 2015 14:30:46.655 com.ibm.rtc.meetings.help.feature_9.0.0.20150203-1103 feature-enable success
!ACTIVITY 1438371046655 Jul 31, 2015 14:30:46.655 com.ibm.rtc.web.utils.feature_9.0.0.20150203-0608 feature-enable success
!ACTIVITY 1438371046655 Jul 31, 2015 14:30:46.655 com.ibm.collaboration.realtime.oi.embedded.feature_9.0.0.20150203-0745 feature-enable success
!ACTIVITY 1438371046656 Jul 31, 2015 14:30:46.656 com.ibm.collaboration.realtime.advanced.embedded.feature_9.0.0.20150203-0345 feature-enable success
!ACTIVITY 1438371046656 Jul 31, 2015 14:30:46.656 com.ibm.collaboration.realtime.broadcast.feature_9.0.0.20150203-0345 feature-enable success
!ACTIVITY 1438371046656 Jul 31, 2015 14:30:46.656 com.ibm.collaboration.realtime.chatrooms.feature_9.0.0.20150203-0345 feature-enable success
!ACTIVITY 1438371046656 Jul 31, 2015 14:30:46.656 com.ibm.collaboration.realtime.core.advanced.feature_9.0.0.20150203-0345 feature-enable success
!ACTIVITY 1438371046682 Jul 31, 2015 14:30:46.682 com.ibm.collaboration.realtime.instantshare.feature_9.0.0.20150203-0345 feature-enable success
!ACTIVITY 1438371046682 Jul 31, 2015 14:30:46.682 com.ibm.collaboration.realtime.issi.feature_9.0.0.20150203-0608 feature-enable success
!ACTIVITY 1438371046683 Jul 31, 2015 14:30:46.683 com.ibm.collaboration.realtime.bluepages.embedded.feature_9.0.0.20150203-0608 feature-enable success
!ACTIVITY 1438371046706 Jul 31, 2015 14:30:46.706 com.ibm.collaboration.realtime.telephony.sut.blue.feature_9.0.0.20150203-0045 feature-enable success
!ACTIVITY 1438371046726 Jul 31, 2015 14:30:46.726 com.ibm.collaboration.realtime.telephony.prototypes.feature_9.0.0.20150203-0045 feature-enable success
!ACTIVITY 1438371046726 Jul 31, 2015 14:30:46.726 com.ibm.collaboration.realtime.webapi.ssl.feature_9.0.0.20150203-0608 feature-enable success
!ACTIVITY 1438371046779 Jul 31, 2015 14:30:46.779 com.ibm.commons.feature_9.0.1.20131004-1200 feature-enable success
!ACTIVITY 1438371046780 Jul 31, 2015 14:30:46.780 com.ibm.commons.jdbc.feature_9.0.1.20131004-1200 feature-enable success
!ACTIVITY 1438371046781 Jul 31, 2015 14:30:46.781 com.ibm.designer.domino.runtime.feature_9.0.1.20131004-1200 feature-enable success
!ACTIVITY 1438371046782 Jul 31, 2015 14:30:46.782 com.ibm.designer.domino.runtime.core.feature_9.0.1.20131004-1200 feature-enable success
!ACTIVITY 1438371046784 Jul 31, 2015 14:30:46.784 com.ibm.xsp.core.feature_9.0.1.20131004-1200 feature-enable success
!ACTIVITY 1438371046785 Jul 31, 2015 14:30:46.785 com.ibm.xsp.feature_9.0.1.20131004-1200 feature-enable success
!ACTIVITY 1438371046785 Jul 31, 2015 14:30:46.785 com.ibm.designer.domino.api.feature_9.0.1.20131004-1200 feature-enable success
!ACTIVITY 1438371046785 Jul 31, 2015 14:30:46.785 com.ibm.jscript.feature_9.0.1.20131004-1200 feature-enable success
!ACTIVITY 1438371046785 Jul 31, 2015 14:30:46.785 com.ibm.designer.domino.lib.misc.feature_9.0.1.20131004-1200 feature-enable success
!ACTIVITY 1438371046785 Jul 31, 2015 14:30:46.785 com.ibm.designer.domino.lib.xml.feature_9.0.1.20131004-1200 feature-enable success
!ACTIVITY 1438371046786 Jul 31, 2015 14:30:46.786 com.ibm.designer.domino.lib.xml.xstream.feature_9.0.1.20131004-1200 feature-enable success
!ACTIVITY 1438371046786 Jul 31, 2015 14:30:46.786 com.ibm.designer.domino.lib.xsp.feature_9.0.1.20131004-1200 feature-enable success
!ACTIVITY 1438371046786 Jul 31, 2015 14:30:46.786 com.ibm.rcp.spellcheck.server.feature_9.0.1.20131002-1404 feature-enable success
!ACTIVITY 1438371046786 Jul 31, 2015 14:30:46.786 org.apache.wink.feature_1.1.2.20131004-1200 feature-enable success
!ACTIVITY 1438371046786 Jul 31, 2015 14:30:46.786 com.ibm.wink.feature_9.0.1.v00_00_20131004-1200 feature-enable success
!ACTIVITY 1438371046787 Jul 31, 2015 14:30:46.787 com.ibm.xsp.extlib.feature_9.0.1.v00_00_20131004-1200 feature-enable success
!ACTIVITY 1438371046787 Jul 31, 2015 14:30:46.787 com.ibm.commons.additional.features_9.0.1.20131004-1200 feature-enable success
!ACTIVITY 1438371046787 Jul 31, 2015 14:30:46.787 com.ibm.commons.script.feature_9.0.1.20131004-1200 feature-enable success
!ACTIVITY 1438371046787 Jul 31, 2015 14:30:46.787 com.ibm.commons.swt.feature_9.0.1.20131004-1200 feature-enable success
!ACTIVITY 1438371046787 Jul 31, 2015 14:30:46.787 com.ibm.commons.swt.xml.feature_9.0.1.20131004-1200 feature-enable success
!ACTIVITY 1438371046788 Jul 31, 2015 14:30:46.788 com.ibm.commons.xsd.feature_9.0.1.20131004-1200 feature-enable success
!ACTIVITY 1438371046788 Jul 31, 2015 14:30:46.788 com.ibm.designer.domino.doc.feature_9.0.1.20131022-0932 feature-enable success
!ACTIVITY 1438371046788 Jul 31, 2015 14:30:46.788 com.ibm.designer.domino.feature_9.0.1.20131022-0932 feature-enable success
!ACTIVITY 1438371046811 Jul 31, 2015 14:30:46.811 com.ibm.designer.domino.xsp.feature_9.0.1.20131022-0932 feature-enable success
!ACTIVITY 1438371046923 Jul 31, 2015 14:30:46.923 com.ibm.designer.domino.lscript.feature_9.0.1.20131022-0932 feature-enable success
!ACTIVITY 1438371046929 Jul 31, 2015 14:30:46.929 com.ibm.jscript.debugger.feature_9.0.1.20131022-0932 feature-enable success
!ACTIVITY 1438371046929 Jul 31, 2015 14:30:46.929 com.ibm.jscript.editor.feature_9.0.1.20131022-0932 feature-enable success
!ACTIVITY 1438371046929 Jul 31, 2015 14:30:46.929 com.ibm.designer.ide.broker.feature_9.0.1.20131022-0932 feature-enable success
!ACTIVITY 1438371046930 Jul 31, 2015 14:30:46.930 com.ibm.designer.ide.broker.generator.feature_9.0.1.20131022-0932 feature-enable success
!ACTIVITY 1438371046930 Jul 31, 2015 14:30:46.930 com.ibm.etools.attrview.feature_1.1.0.v20090406_2150 feature-enable success
!ACTIVITY 1438371046930 Jul 31, 2015 14:30:46.930 com.ibm.etools.xve.feature_1.4.0.v20090406_2150 feature-enable success
!ACTIVITY 1438371046930 Jul 31, 2015 14:30:46.930 com.ibm.etools.xve.core.feature_1.3.0.v20090425_0155 feature-enable success
!ACTIVITY 1438371046931 Jul 31, 2015 14:30:46.931 org.eclipse.tptp.trace.memory.feature_4.2.0.v200606121835--0842282835373A feature-enable success
!ACTIVITY 1438371046931 Jul 31, 2015 14:30:46.931 com.ibm.cic.licensing.feature_7.0.0.v20061002------2PD88PA89P feature-enable success
!ACTIVITY 1438371046931 Jul 31, 2015 14:30:46.931 com.ibm.rcp.eclipse.emf.add.feature_9.0.1.20130829-1400 feature-enable success
!ACTIVITY 1438371046931 Jul 31, 2015 14:30:46.931 com.ibm.rcp.eclipse.sdk.add.feature_9.0.1.20130829-1400 feature-enable success
!ACTIVITY 1438371046932 Jul 31, 2015 14:30:46.932 com.ibm.rcp.eclipse.wst.add.feature_9.0.1.20130829-1400 feature-enable success
!ACTIVITY 1438371046932 Jul 31, 2015 14:30:46.932 com.ibm.rcp.eclipse.xsd.add.feature_9.0.1.20130829-1400 feature-enable success
!ACTIVITY 1438371046932 Jul 31, 2015 14:30:46.932 com.ibm.xsp.extlib.designer.tooling.feature_9.0.1.v00_00_20131022-0932 feature-enable success
!ACTIVITY 1438371046932 Jul 31, 2015 14:30:46.932 com.ibm.xsp.extlib.feature.source_9.0.1.v00_00_20131004-1200 feature-enable success
!ACTIVITY 1438371046932 Jul 31, 2015 14:30:46.932 com.ibm.xsp.extlib.designer.tooling.feature.source_9.0.1.v00_00_20131022-0932 feature-enable success
!ACTIVITY 1438371046933 Jul 31, 2015 14:30:46.933 com.ibm.langware.v27.feature_2.7.2.201111100545 feature-enable success
!ACTIVITY 1438371046933 Jul 31, 2015 14:30:46.933 com.ibm.langware.v5.feature_7.2.0.201111100545 feature-enable success
!ACTIVITY 1438371046934 Jul 31, 2015 14:30:46.934 com.ibm.langware.engine.feature_6.2.4.201111100545 feature-enable success
!ACTIVITY 1438371046972 Jul 31, 2015 14:30:46.972 com.ibm.langware.v5.dic.en_AU.feature_7.2.0.201111100545 feature-enable success
!ACTIVITY 1438371046972 Jul 31, 2015 14:30:46.972 com.ibm.langware.v5.dic.en_GB.feature_7.2.0.201111100545 feature-enable success
!ACTIVITY 1438371046972 Jul 31, 2015 14:30:46.972 com.ibm.langware.v5.dic.en_US.feature_7.2.0.201111100545 feature-enable success
!ACTIVITY 1438371046972 Jul 31, 2015 14:30:46.972 com.ibm.langware.v5.dic.de_CH.feature_7.2.0.201111100545 feature-enable success
!ACTIVITY 1438371046972 Jul 31, 2015 14:30:46.972 com.ibm.langware.v5.dic.de_DE_Reform.feature_7.2.0.201111100545 feature-enable success
!ACTIVITY 1438371046972 Jul 31, 2015 14:30:46.972 com.ibm.langware.v5.dic.es_ES.feature_7.2.0.201111100545 feature-enable success
!ACTIVITY 1438371046972 Jul 31, 2015 14:30:46.972 com.ibm.langware.v5.dic.fr_CA.feature_7.2.0.201111100545 feature-enable success
!ACTIVITY 1438371046972 Jul 31, 2015 14:30:46.972 com.ibm.langware.v5.dic.fr_FR.feature_7.2.0.201111100545 feature-enable success
!ACTIVITY 1438371046973 Jul 31, 2015 14:30:46.973 com.ibm.langware.v5.dic.it_IT.feature_7.2.0.201111100545 feature-enable success
!ACTIVITY 1438371046973 Jul 31, 2015 14:30:46.973 com.ibm.langware.v5.dic.pt_BR.feature_7.2.0.201111100545 feature-enable success
!ACTIVITY 1438371046973 Jul 31, 2015 14:30:46.973 com.ibm.langware.v5.dic.ar_XX.feature_7.2.0.201111100545 feature-enable success
!ACTIVITY 1438371046973 Jul 31, 2015 14:30:46.973 com.ibm.langware.v5.dic.cs_CZ.feature_7.2.0.201111100545 feature-enable success
!ACTIVITY 1438371046973 Jul 31, 2015 14:30:46.973 com.ibm.langware.v5.dic.da_DK.feature_7.2.0.201111100545 feature-enable success
!ACTIVITY 1438371046973 Jul 31, 2015 14:30:46.973 com.ibm.langware.v5.dic.el_GR.feature_7.2.0.201111100545 feature-enable success
!ACTIVITY 1438371046973 Jul 31, 2015 14:30:46.973 com.ibm.langware.v5.dic.fi_FI.feature_7.2.0.201111100545 feature-enable success
!ACTIVITY 1438371046973 Jul 31, 2015 14:30:46.973 com.ibm.langware.v5.dic.nb_NO.feature_7.2.0.201111100545 feature-enable success
!ACTIVITY 1438371046974 Jul 31, 2015 14:30:46.974 com.ibm.langware.v5.dic.nl_NL.feature_7.2.0.201111100545 feature-enable success
!ACTIVITY 1438371046974 Jul 31, 2015 14:30:46.974 com.ibm.langware.v5.dic.nn_NO.feature_7.2.0.201111100545 feature-enable success
!ACTIVITY 1438371046974 Jul 31, 2015 14:30:46.974 com.ibm.langware.v5.dic.pl_PL.feature_7.2.0.201111100545 feature-enable success
!ACTIVITY 1438371046974 Jul 31, 2015 14:30:46.974 com.ibm.langware.v5.dic.ru_RU.feature_7.2.0.201111100545 feature-enable success
!ACTIVITY 1438371046974 Jul 31, 2015 14:30:46.974 com.ibm.langware.v5.dic.sv_SE.feature_7.2.0.201111100545 feature-enable success
!ACTIVITY 1438371046974 Jul 31, 2015 14:30:46.974 com.ibm.langware.v5.dic.ca_CT.feature_7.2.0.201111100545 feature-enable success
!ACTIVITY 1438371046974 Jul 31, 2015 14:30:46.974 com.ibm.langware.v5.dic.af_ZA.feature_7.2.0.201111100545 feature-enable success
!ACTIVITY 1438371046975 Jul 31, 2015 14:30:46.975 com.ibm.langware.v5.dic.en_US_IBMTerms.feature_7.2.0.201111100545 feature-enable success
!ACTIVITY 1438371046975 Jul 31, 2015 14:30:46.975 com.ibm.langware.v5.dic.en_US_Medical.feature_7.2.0.201111100545 feature-enable success
!ACTIVITY 1438371046975 Jul 31, 2015 14:30:46.975 com.ibm.langware.v5.dic.feature_6.2.4.201201141051 feature-enable success
!ACTIVITY 1438371046979 Jul 31, 2015 14:30:46.979 com.ibm.langware.v27.dic.zh_CN.feature_2.7.2.201111100545 feature-enable success
!ACTIVITY 1438371046979 Jul 31, 2015 14:30:46.979 com.ibm.langware.v27.dic.zh_TW.feature_2.7.2.201111100545 feature-enable success
!ACTIVITY 1438371046980 Jul 31, 2015 14:30:46.980 com.ibm.langware.v27.dic.hu_HU.feature_2.7.2.201111100545 feature-enable success
!ACTIVITY 1438371046980 Jul 31, 2015 14:30:46.980 com.ibm.langware.v27.dic.iw_IL.feature_2.7.2.201111100545 feature-enable success
!ACTIVITY 1438371046980 Jul 31, 2015 14:30:46.980 com.ibm.langware.v27.dic.tr_TR.feature_2.7.2.201111100545 feature-enable success
!ACTIVITY 1438371046980 Jul 31, 2015 14:30:46.980 com.ibm.langware.v27.dic.feature_6.2.4.201111100545 feature-enable success
!ACTIVITY 1438371046980 Jul 31, 2015 14:30:46.980 com.ibm.rcp.hunspell.feature_9.0.1.20131002-1404 feature-enable success
!ACTIVITY 1438371047007 Jul 31, 2015 14:30:47.07 com.ibm.logging.icl.feature_9.0.1.20131002-1404 feature-enable success
!ACTIVITY 1438371047007 Jul 31, 2015 14:30:47.07 com.ibm.mobileservices.isync.db2j.feature_9.1.3.1-20131002-1404 feature-enable success
!ACTIVITY 1438371047008 Jul 31, 2015 14:30:47.08 com.ibm.mobileservices.isync.feature_9.1.3.1-20131002-1404 feature-enable success
!ACTIVITY 1438371047015 Jul 31, 2015 14:30:47.15 com.ibm.json4j.feature_9.0.1.20131002-1404 feature-enable success
!ACTIVITY 1438371047015 Jul 31, 2015 14:30:47.15 com.ibm.osg.service.cm.feature_9.0.1.20131002-1404 feature-enable success
!ACTIVITY 1438371047016 Jul 31, 2015 14:30:47.16 com.ibm.osg.service.metatype.feature_9.0.1.20131002-1404 feature-enable success
!ACTIVITY 1438371047016 Jul 31, 2015 14:30:47.16 com.ibm.osg.service.useradmin.feature_9.0.1.20131002-1404 feature-enable success
!ACTIVITY 1438371047016 Jul 31, 2015 14:30:47.16 com.ibm.portal.feature_9.0.1.20131002-1404 feature-enable success
!ACTIVITY 1438371047147 Jul 31, 2015 14:30:47.147 com.ibm.pvc.jms.feature_1.1.1.20131002-1404 feature-enable success
!ACTIVITY 1438371047147 Jul 31, 2015 14:30:47.147 com.ibm.pvc.jndi.provider.java.feature_9.0.1.20131002-1404 feature-enable success
!ACTIVITY 1438371047147 Jul 31, 2015 14:30:47.147 com.ibm.pvc.jta.feature_9.0.1.20131002-1404 feature-enable success
!ACTIVITY 1438371047148 Jul 31, 2015 14:30:47.148 com.ibm.pvc.servlet.feature_2.5.0.20131002-1404 feature-enable success
!ACTIVITY 1438371047148 Jul 31, 2015 14:30:47.148 com.ibm.pvc.servlet.jsp.feature_2.1.0.20131002-1404 feature-enable success
!ACTIVITY 1438371047148 Jul 31, 2015 14:30:47.148 com.ibm.pvc.servlet.jsp.jstl.feature_1.1.1.20131002-1404 feature-enable success
!ACTIVITY 1438371047148 Jul 31, 2015 14:30:47.148 com.ibm.pvc.webcontainer.feature_9.0.1.20131002-1404 feature-enable success
!ACTIVITY 1438371047148 Jul 31, 2015 14:30:47.148 com.ibm.pvc.webhttpservice.feature_9.0.1.20131002-1404 feature-enable success
!ACTIVITY 1438371047148 Jul 31, 2015 14:30:47.148 com.ibm.pvcws.feature_9.0.1.20131002-1404 feature-enable success
!ACTIVITY 1438371047149 Jul 31, 2015 14:30:47.149 com.ibm.pvcws.wss.feature_9.0.1.20131002-1404 feature-enable success
!ACTIVITY 1438371047149 Jul 31, 2015 14:30:47.149 com.ibm.rcp.accounts.feature_9.0.1.20131002-1404 feature-enable success
!ACTIVITY 1438371047149 Jul 31, 2015 14:30:47.149 com.ibm.rcp.accounts.ui.feature_9.0.1.20131002-1404 feature-enable success
!ACTIVITY 1438371047149 Jul 31, 2015 14:30:47.149 com.ibm.rcp.browser.service.feature_9.0.1.20131002-1404 feature-enable success
!ACTIVITY 1438371047149 Jul 31, 2015 14:30:47.149 com.ibm.rcp.core.logger.ui.feature_9.0.1.20131002-1404 feature-enable success
!ACTIVITY 1438371047149 Jul 31, 2015 14:30:47.149 com.ibm.rcp.database.feature_9.0.1.20131002-1404 feature-enable success
!ACTIVITY 1438371047149 Jul 31, 2015 14:30:47.149 com.ibm.rcp.database.derby.feature_9.0.1.20131002-1404 feature-enable success
!ACTIVITY 1438371047150 Jul 31, 2015 14:30:47.150 com.ibm.rcp.dombrowser.feature_9.0.1.20131002-1404 feature-enable success
!ACTIVITY 1438371047156 Jul 31, 2015 14:30:47.156 com.ibm.rcp.eclipse.emf.feature_9.0.1.20130829-1400 feature-enable success
!ACTIVITY 1438371047156 Jul 31, 2015 14:30:47.156 com.ibm.rcp.eclipse.gef.feature_9.0.1.20130829-1400 feature-enable success
!ACTIVITY 1438371047156 Jul 31, 2015 14:30:47.156 com.ibm.rcp.eclipse.platform.feature_9.0.1.20130829-1400 feature-enable success
!ACTIVITY 1438371047156 Jul 31, 2015 14:30:47.156 com.ibm.rcp.eclipse.rcp.ui.feature_9.0.1.20130829-1400 feature-enable success
!ACTIVITY 1438371047156 Jul 31, 2015 14:30:47.156 com.ibm.rcp.eclipse.xsd.feature_9.0.1.20130829-1400 feature-enable success
!ACTIVITY 1438371047157 Jul 31, 2015 14:30:47.157 com.ibm.rcp.esupport.client.feature_9.0.1.20131002-1404 feature-enable success
!ACTIVITY 1438371047168 Jul 31, 2015 14:30:47.168 com.ibm.esupport.client.product.SSC4TNF.feature_4.1.1.20131002-1404 feature-enable success
!ACTIVITY 1438371047268 Jul 31, 2015 14:30:47.268 com.ibm.rcp.locationmanager.feature_9.0.1.20131002-1404 feature-enable success
!ACTIVITY 1438371047268 Jul 31, 2015 14:30:47.268 com.ibm.rcp.locationmanager.ui.feature_9.0.1.20131002-1404 feature-enable success
!ACTIVITY 1438371047268 Jul 31, 2015 14:30:47.268 com.ibm.rcp.ws.axis.feature_9.0.1.20131002-1404 feature-enable success
!ACTIVITY 1438371047268 Jul 31, 2015 14:30:47.268 com.ibm.rcp.managedsettings.feature_9.0.1.20131002-1404 feature-enable success
!ACTIVITY 1438371047268 Jul 31, 2015 14:30:47.268 com.ibm.rcp.managedsettings.portal.feature_9.0.1.20131002-1404 feature-enable success
!ACTIVITY 1438371047268 Jul 31, 2015 14:30:47.268 com.ibm.rcp.net.feature_9.0.1.20131002-1404 feature-enable success
!ACTIVITY 1438371047268 Jul 31, 2015 14:30:47.268 com.ibm.rcp.personality.default.feature_9.0.1.20131002-1404 feature-enable success
!ACTIVITY 1438371047269 Jul 31, 2015 14:30:47.269 com.ibm.rcp.personality.framework.feature_9.0.1.20131002-1404 feature-enable success
!ACTIVITY 1438371047269 Jul 31, 2015 14:30:47.269 com.ibm.rcp.platform.feature_9.0.1.20131002-1404 feature-disable success
!ACTIVITY 1438371047327 Jul 31, 2015 14:30:47.327 com.ibm.rcp.platform.feature.patch_9.0.1.20140627-1700 feature-disable success
!ACTIVITY 1438371047327 Jul 31, 2015 14:30:47.327 com.ibm.rcp.platform.feature_9.0.1.20131002-1404 feature-enable success
!ACTIVITY 1438371047441 Jul 31, 2015 14:30:47.441 com.ibm.rcp.portal.app.ui.feature_9.0.1.20131002-1404 feature-enable success
!ACTIVITY 1438371047441 Jul 31, 2015 14:30:47.441 com.ibm.rcp.portal.catalog.ui.feature_9.0.1.20131002-1404 feature-enable success
!ACTIVITY 1438371047442 Jul 31, 2015 14:30:47.442 com.ibm.rcp.portal.feature_9.0.1.20131002-1404 feature-enable success
!ACTIVITY 1438371047571 Jul 31, 2015 14:30:47.571 com.ibm.rcp.portletcontainer.feature_9.0.1.20131002-1404 feature-enable success
!ACTIVITY 1438371047571 Jul 31, 2015 14:30:47.571 com.ibm.rcp.portletviewer.feature_9.0.1.20131002-1404 feature-enable success
!ACTIVITY 1438371047571 Jul 31, 2015 14:30:47.571 com.ibm.rcp.propertybroker.feature_9.0.1.20131002-1404 feature-enable success
!ACTIVITY 1438371047571 Jul 31, 2015 14:30:47.571 com.ibm.rcp.propertybroker.swt.feature_9.0.1.20131002-1404 feature-enable success
!ACTIVITY 1438371047571 Jul 31, 2015 14:30:47.571 com.ibm.rcp.provisioning.ui.feature_9.0.1.20131002-1404 feature-enable success
!ACTIVITY 1438371047572 Jul 31, 2015 14:30:47.572 com.ibm.rcp.rte.feature_9.0.1.20131002-1404 feature-enable success
!ACTIVITY 1438371047572 Jul 31, 2015 14:30:47.572 com.ibm.rcp.security.feature_9.0.1.20131002-1404 feature-enable success
!ACTIVITY 1438371047572 Jul 31, 2015 14:30:47.572 com.ibm.rcp.sharedbundle.ui.feature_9.0.1.20131002-1404 feature-enable success
!ACTIVITY 1438371047572 Jul 31, 2015 14:30:47.572 com.ibm.rcp.sync.feature_9.0.1.20131002-1404 feature-enable success
!ACTIVITY 1438371047573 Jul 31, 2015 14:30:47.573 com.ibm.rcp.syncui.feature_9.0.1.20131002-1404 feature-enable success
!ACTIVITY 1438371047573 Jul 31, 2015 14:30:47.573 com.ibm.rcp.syncui.scheduler.feature_9.0.1.20131002-1404 feature-enable success
!ACTIVITY 1438371047573 Jul 31, 2015 14:30:47.573 com.ibm.rcp.textanalyzer.feature_6.2.4.201212180934 feature-enable success
!ACTIVITY 1438371047573 Jul 31, 2015 14:30:47.573 com.ibm.rcp.topologyhandler.ui.feature_9.0.1.20131002-1404 feature-enable success
!ACTIVITY 1438371047573 Jul 31, 2015 14:30:47.573 com.ibm.rcp.ui.browser.feature_9.0.1.20131002-1404 feature-enable success
!ACTIVITY 1438371047573 Jul 31, 2015 14:30:47.573 com.ibm.rcp.ui.browser.launcher.feature_9.0.1.20131002-1404 feature-enable success
!ACTIVITY 1438371047574 Jul 31, 2015 14:30:47.574 com.ibm.rcp.xulrunner.runtime.feature_9.0.1.20131002-1404 feature-enable success
!ACTIVITY 1438371047641 Jul 31, 2015 14:30:47.641 com.ibm.rcp.ui.browser.portal.feature_9.0.1.20131002-1404 feature-enable success
!ACTIVITY 1438371047641 Jul 31, 2015 14:30:47.641 com.ibm.rcp.ui.widgets.feature_9.0.1.20131002-1404 feature-enable success
!ACTIVITY 1438371047642 Jul 31, 2015 14:30:47.642 org.apache.axis.feature_9.0.1.20131002-1404 feature-enable success
!ACTIVITY 1438371047642 Jul 31, 2015 14:30:47.642 org.apache.commons.feature_9.0.1.20131002-1404 feature-enable success
!ACTIVITY 1438371047642 Jul 31, 2015 14:30:47.642 org.apache.derby.feature_10.5.3.1-1002448 feature-enable success
!ACTIVITY 1438371047648 Jul 31, 2015 14:30:47.648 org.osgi.service.webapplication.feature_1.0.1.20131002-1404 feature-enable success
!ACTIVITY 1438371047648 Jul 31, 2015 14:30:47.648 org.apache.myfaces.feature_1.1.2.20131002-1404 feature-enable success
!ACTIVITY 1438371047648 Jul 31, 2015 14:30:47.648 com.ibm.rcp.os.ui.feature_9.0.1.20131002-1404 feature-enable success
!ACTIVITY 1438371047648 Jul 31, 2015 14:30:47.648 com.ibm.rcp.eclipse.jdt.feature_9.0.1.20130829-1400 feature-enable success
!ACTIVITY 1438371047648 Jul 31, 2015 14:30:47.648 com.ibm.rcp.eclipse.sdk.subset.feature_9.0.1.20130829-1400 feature-enable success
!ACTIVITY 1438371047648 Jul 31, 2015 14:30:47.648 com.ibm.rcp.webcontainer.jspcompilerbridge.feature_9.0.1.20131002-1404 feature-enable success
!ACTIVITY 1438371047648 Jul 31, 2015 14:30:47.648 com.ibm.rcp.composite.container.feature_9.0.1.20131002-1404 feature-enable success
!ACTIVITY 1438371047649 Jul 31, 2015 14:30:47.649 com.ibm.rcp.feedreader.feature_9.0.1.20131002-1404 feature-enable success
!ACTIVITY 1438371047649 Jul 31, 2015 14:30:47.649 com.ibm.rcp.threading.monitor.feature_9.0.1.20131002-1404 feature-enable success
!ACTIVITY 1438371047649 Jul 31, 2015 14:30:47.649 com.ibm.rcp.feeds.parser.feature_9.0.1.20131002-1404 feature-enable success
!ACTIVITY 1438371047649 Jul 31, 2015 14:30:47.649 com.ibm.rcp.dynamic.extension.feature_9.0.1.20131002-1404 feature-enable success
!ACTIVITY 1438371047649 Jul 31, 2015 14:30:47.649 com.ibm.rcp.livetext.feature_9.0.1.20131002-1404 feature-enable success
!ACTIVITY 1438371047649 Jul 31, 2015 14:30:47.649 com.ibm.rcp.toolbox.ca.feature_9.0.1.20131002-1404 feature-enable success
!ACTIVITY 1438371047650 Jul 31, 2015 14:30:47.650 com.ibm.rcp.toolbox.ca.provider.feature_9.0.1.20131002-1404 feature-enable success
!ACTIVITY 1438371047650 Jul 31, 2015 14:30:47.650 com.ibm.rcp.toolbox.feature_9.0.1.20131002-1404 feature-enable success
!ACTIVITY 1438371047650 Jul 31, 2015 14:30:47.650 com.ibm.rcp.toolbox.feeds.provider.feature_9.0.1.20131002-1404 feature-enable success
!ACTIVITY 1438371047650 Jul 31, 2015 14:30:47.650 com.ibm.rcp.toolbox.google.provider.feature_9.0.1.20131002-1404 feature-enable success
!ACTIVITY 1438371047650 Jul 31, 2015 14:30:47.650 com.ibm.rcp.toolbox.prov.provider.feature_9.0.1.20131002-1404 feature-enable success
!ACTIVITY 1438371047650 Jul 31, 2015 14:30:47.650 com.ibm.rcp.toolbox.web.provider.feature_9.0.1.20131002-1404 feature-enable success
!ACTIVITY 1438371047651 Jul 31, 2015 14:30:47.651 com.ibm.rcp.eclipse.platform.help.feature_9.0.1.20131002-1404 feature-enable success
!ACTIVITY 1438371047651 Jul 31, 2015 14:30:47.651 com.ibm.rcp.esupport.client.ui.feature_9.0.1.20131002-1404 feature-enable success
!ACTIVITY 1438371047651 Jul 31, 2015 14:30:47.651 com.ibm.rcp.icu.feature_9.0.1.20130829-1400 feature-enable success
!ACTIVITY 1438371047651 Jul 31, 2015 14:30:47.651 com.ibm.micro.feature_9.0.1.20131002-1404 feature-enable success
!ACTIVITY 1438371047651 Jul 31, 2015 14:30:47.651 com.ibm.mqttclient.feature_9.0.1.20131002-1404 feature-enable success
!ACTIVITY 1438371047651 Jul 31, 2015 14:30:47.651 com.ibm.micro.admin.feature_9.0.1.20131002-1404 feature-enable success
!ACTIVITY 1438371047652 Jul 31, 2015 14:30:47.652 com.ibm.micro.client.feature_9.0.1.20131002-1404 feature-enable success
!ACTIVITY 1438371047652 Jul 31, 2015 14:30:47.652 com.ibm.mqttclient.jms.feature_9.0.1.20131002-1404 feature-enable success
!ACTIVITY 1438371047652 Jul 31, 2015 14:30:47.652 com.ibm.rcp.servlet.jwl.feature_3.0.8.20131002-1404 feature-enable success
!ACTIVITY 1438371047652 Jul 31, 2015 14:30:47.652 org.apache.portals.bridges.feature_9.0.1.20131002-1404 feature-enable success
!ACTIVITY 1438371047652 Jul 31, 2015 14:30:47.652 org.apache.struts.feature_9.0.1.20131002-1404 feature-enable success
!ACTIVITY 1438371047652 Jul 31, 2015 14:30:47.652 com.ibm.rcp.servlet.jsf.ext.feature_3.0.8.20131002-1404 feature-enable success
!ACTIVITY 1438371047653 Jul 31, 2015 14:30:47.653 com.ibm.langware.core.runtime.feature_7.2.0.201111100545 feature-enable success
!ACTIVITY 1438371047653 Jul 31, 2015 14:30:47.653 com.ibm.langware.lexical.annotator.runtime.feature_7.2.0.201111100545 feature-enable success
!ACTIVITY 1438371047653 Jul 31, 2015 14:30:47.653 com.ibm.langware.rules.annotator.runtime.feature_7.2.0.201111100545 feature-enable success
!ACTIVITY 1438371047653 Jul 31, 2015 14:30:47.653 org.apache.uima.runtime.feature_2.3.0.incubating feature-enable success
!ACTIVITY 1438371047653 Jul 31, 2015 14:30:47.653 com.ibm.langware.annotation.uima.feature_6.2.4.201111100545 feature-enable success
!ACTIVITY 1438371047653 Jul 31, 2015 14:30:47.653 com.ibm.langware.annotator.dictterms.feature_7.2.0.201111100545 feature-enable success
!ACTIVITY 1438371047654 Jul 31, 2015 14:30:47.654 com.ibm.rcp.textanalyzer.uima.feature_6.2.4.201111100545 feature-enable success
!ACTIVITY 1438371047654 Jul 31, 2015 14:30:47.654 com.ibm.rcp.runtimes.desktop.dev.feature_9.0.1.20131002-1404 feature-enable success
!ACTIVITY 1438371047654 Jul 31, 2015 14:30:47.654 com.ibm.rcp.g11n.feature_9.0.1.20131022-0932 feature-enable success
!ACTIVITY 1438371047654 Jul 31, 2015 14:30:47.654 com.ibm.content.operations.registry.feature_9.0.1.20131002-1404 feature-enable success
!ACTIVITY 1438371047654 Jul 31, 2015 14:30:47.654 com.ibm.rcp.search.feature_9.0.1.20131002-1404 feature-enable success
!ACTIVITY 1438371047655 Jul 31, 2015 14:30:47.655 com.ibm.rcp.contentspots.feature_9.0.1.20131002-1404 feature-enable success
!ACTIVITY 1438371047655 Jul 31, 2015 14:30:47.655 com.ibm.siapi.feature_9.0.1.20131002-1404 feature-enable success
!ACTIVITY 1438371047655 Jul 31, 2015 14:30:47.655 com.ibm.rcp.portal.catalog.doc.feature_9.0.1.20131022-0932 feature-enable success
!ACTIVITY 1438371047655 Jul 31, 2015 14:30:47.655 com.ibm.rcp.ui.browser.content.feature_9.0.1.20131022-0932 feature-enable success
!ACTIVITY 1438371047655 Jul 31, 2015 14:30:47.655 com.ibm.rcp.notes.util.feature_9.0.1.20131022-0932 feature-enable success
!ACTIVITY 1438371047656 Jul 31, 2015 14:30:47.656 com.ibm.directoryservices.feature_9.0.1.20131022-0932 feature-enable success
!ACTIVITY 1438371047656 Jul 31, 2015 14:30:47.656 com.ibm.csi.feature_9.0.1.20131022-0932 feature-enable success
!ACTIVITY 1438371047656 Jul 31, 2015 14:30:47.656 com.ibm.csi.notes.feature_9.0.1.20131022-0932 feature-enable success
!ACTIVITY 1438371047656 Jul 31, 2015 14:30:47.656 com.ibm.notes.ipc.feature_9.0.1.20131022-0932 feature-enable success
!ACTIVITY 1438371047686 Jul 31, 2015 14:30:47.686 com.ibm.rcp.pim.views.feature_9.0.1.20131022-0932 feature-enable success
!ACTIVITY 1438371047686 Jul 31, 2015 14:30:47.686 com.ibm.rcp.pim.widgets.feature_9.0.1.20131022-0932 feature-enable success
!ACTIVITY 1438371047686 Jul 31, 2015 14:30:47.686 com.ibm.notes.java.api.feature_9.0.1.20131022-0932 feature-enable success
!ACTIVITY 1438371047686 Jul 31, 2015 14:30:47.686 com.ibm.notes.client.feature_9.0.1.20131022-0932 feature-enable success
!ACTIVITY 1438371047713 Jul 31, 2015 14:30:47.713 com.ibm.notes.branding.feature_9.0.1.20131022-0932 feature-enable success
!ACTIVITY 1438371047728 Jul 31, 2015 14:30:47.728 com.ibm.notes.links.feature_9.0.1.20131022-0932 feature-enable success
!ACTIVITY 1438371047778 Jul 31, 2015 14:30:47.778 com.ibm.notes.gettingstarted.feature_9.0.1.20131022-0932 feature-enable success
!ACTIVITY 1438371047778 Jul 31, 2015 14:30:47.778 com.ibm.notes.pd.feature_9.0.1.20131022-0932 feature-enable success
!ACTIVITY 1438371047802 Jul 31, 2015 14:30:47.802 com.ibm.notes.document.container.feature_9.0.1.20131022-0932 feature-enable success
!ACTIVITY 1438371047802 Jul 31, 2015 14:30:47.802 com.ibm.notes.view.container.feature_9.0.1.20131022-0932 feature-enable success
!ACTIVITY 1438371047802 Jul 31, 2015 14:30:47.802 com.ibm.notes.notesviews.feature_9.0.1.20131022-0932 feature-enable success
!ACTIVITY 1438371047955 Jul 31, 2015 14:30:47.955 com.ibm.notes.pim.feature_9.0.1.20131022-0932 feature-enable success
!ACTIVITY 1438371047956 Jul 31, 2015 14:30:47.956 com.ibm.notes.dip.feature_9.0.1.20131022-0932 feature-enable success
!ACTIVITY 1438371047956 Jul 31, 2015 14:30:47.956 com.ibm.notes.search.common.feature_9.0.1.20131022-0932 feature-enable success
!ACTIVITY 1438371047956 Jul 31, 2015 14:30:47.956 com.ibm.notes.search.googledesktop.feature_9.0.1.20131022-0932 feature-enable success
!ACTIVITY 1438371047956 Jul 31, 2015 14:30:47.956 com.ibm.notes.search.beagle.feature_9.0.1.20131022-0932 feature-enable success
!ACTIVITY 1438371047956 Jul 31, 2015 14:30:47.956 com.ibm.notes.search.spotlight.feature_9.0.1.20131022-0932 feature-enable success
!ACTIVITY 1438371047957 Jul 31, 2015 14:30:47.957 com.ibm.rcp.search.engines.google.feature_9.0.1.20131022-0932 feature-enable success
!ACTIVITY 1438371047957 Jul 31, 2015 14:30:47.957 com.ibm.rcp.search.engines.yahoo.feature_9.0.1.20131022-0932 feature-enable success
!ACTIVITY 1438371047957 Jul 31, 2015 14:30:47.957 com.ibm.notes.iopes.search.feature_9.0.1.20131022-0932 feature-enable success
!ACTIVITY 1438371047957 Jul 31, 2015 14:30:47.957 com.ibm.notes.search.windowsdesktop.feature_9.0.1.20131022-0932 feature-enable success
!ACTIVITY 1438371047958 Jul 31, 2015 14:30:47.958 com.ibm.notes.search.tracker.feature_9.0.1.20131022-0932 feature-enable success
!ACTIVITY 1438371047958 Jul 31, 2015 14:30:47.958 com.ibm.notes.mailarchivesearch.feature_9.0.1.20131022-0932 feature-enable success
!ACTIVITY 1438371047958 Jul 31, 2015 14:30:47.958 com.ibm.rcp.aaf.feature_9.0.1.20131002-1404 feature-enable success
!ACTIVITY 1438371047958 Jul 31, 2015 14:30:47.958 com.ibm.rcp.aaf.catalog.feature_9.0.1.20131002-1404 feature-enable success
!ACTIVITY 1438371047959 Jul 31, 2015 14:30:47.959 com.ibm.notes.aaf.feature_9.0.1.20131022-0932 feature-enable success
!ACTIVITY 1438371047959 Jul 31, 2015 14:30:47.959 com.ibm.rcp.cae.toolbox.adapter.feature_1.5.0.20131002-1404 feature-enable success
!ACTIVITY 1438371047959 Jul 31, 2015 14:30:47.959 com.ibm.notes.toolbox.ca.provider.feature_9.0.1.20131022-0932 feature-enable success
!ACTIVITY 1438371047959 Jul 31, 2015 14:30:47.959 com.ibm.rcp.feedreader.notes.feature_9.0.1.20131022-0932 feature-enable success
!ACTIVITY 1438371047959 Jul 31, 2015 14:30:47.959 com.ibm.rcp.feedreader.notes.providers.feature_9.0.1.20131022-0932 feature-enable success
!ACTIVITY 1438371047971 Jul 31, 2015 14:30:47.971 com.ibm.notes.toolbox.admin.feature_9.0.1.20131022-0932 feature-enable success
!ACTIVITY 1438371047972 Jul 31, 2015 14:30:47.972 com.ibm.notes.toolbox.provider.feature_9.0.1.20131022-0932 feature-enable success
!ACTIVITY 1438371047972 Jul 31, 2015 14:30:47.972 com.ibm.notes.livetext.feature_9.0.1.20131022-0932 feature-enable success
!ACTIVITY 1438371047973 Jul 31, 2015 14:30:47.973 com.ibm.rcp.toolbox.search.provider.feature_9.0.1.20131022-0932 feature-enable success
!ACTIVITY 1438371047973 Jul 31, 2015 14:30:47.973 com.ibm.notes.toolbox.feature_9.0.1.20131022-0932 feature-enable success
!ACTIVITY 1438371047973 Jul 31, 2015 14:30:47.973 com.ibm.notes.toolbox.langware.feature_9.0.1.20131022-0932 feature-enable success
!ACTIVITY 1438371047973 Jul 31, 2015 14:30:47.973 com.ibm.rcp.roaming.service.feature_9.0.1.20131022-0932 feature-enable success
!ACTIVITY 1438371047973 Jul 31, 2015 14:30:47.973 com.ibm.notes.roaming.provider.feature_9.0.1.20131022-0932 feature-enable success
!ACTIVITY 1438371047974 Jul 31, 2015 14:30:47.974 com.ibm.fiesta.commons.feature_9.0.1.20131022-1058 feature-enable success
!ACTIVITY 1438371047974 Jul 31, 2015 14:30:47.974 com.ibm.fiesta.notes.feature_9.0.1.20131022-1058 feature-enable success
!ACTIVITY 1438371047974 Jul 31, 2015 14:30:47.974 com.ibm.notes.embeddedexperiences.feature_9.0.1.20131022-1058 feature-enable success
!ACTIVITY 1438371047974 Jul 31, 2015 14:30:47.974 com.ibm.rcp.toolbox.opensocial.feature_9.0.1.20131022-1058 feature-enable success
!ACTIVITY 1438371047975 Jul 31, 2015 14:30:47.975 com.ibm.rcp.toolbox.web.provider.se.feature_9.0.1.20131022-1058 feature-enable success
!ACTIVITY 1438371047975 Jul 31, 2015 14:30:47.975 com.ibm.opensocial.sapi.feature_9.0.1.20131022-1058 feature-enable success
!ACTIVITY 1438371047975 Jul 31, 2015 14:30:47.975 com.voicerite.vc3.sametime_3.7.35 feature-enable success
!ACTIVITY 1438371047975 Jul 31, 2015 14:30:47.975 com.voicerite.vc3.softphone.voicesuiteIntegration_1.0.7 feature-enable success
!ACTIVITY 1438371047976 Jul 31, 2015 14:30:47.976 com.ibm.collaboration.realtime.directory.bluepages.menus.feature_1.0.0 feature-enable success
!ACTIVITY 1438371047978 Jul 31, 2015 14:30:47.978 com.ibm.langware.v5.dic.pt_PT.feature_7.1.1.201006221804 feature-enable success
!ACTIVITY 1438371047978 Jul 31, 2015 14:30:47.978 com.ibm.rcp.hunspell.dic.pt_PT.feature_9.0.0.20130223-1449 feature-enable success

!CONFIGURATION 1438371051679 Fri Jul 31 14:30:51 CDT 2015
!ACTIVITY 1438371051661 Jul 31, 2015 14:30:51.661 com.ibm.notes.ipc.feature.patch_9.0.1.20131022-0932-T00211SHF feature-enable success

!CONFIGURATION 1438371054253 Fri Jul 31 14:30:54 CDT 2015
!ACTIVITY 1438371054239 Jul 31, 2015 14:30:54.239 com.ibm.collaboration.realtime.quickresponse.feature_1.1.0 feature-enable success
!ACTIVITY 1438371054239 Jul 31, 2015 14:30:54.239 com.ibm.unyte.lotuslive.feature_1.0.0.20140206-1400 feature-enable success
